2026-04-23 19:28:55 [INFO] === sync start ===
2026-04-23 19:28:56 [INFO] RSS蜿門ｾ・ 10莉ｶ
2026-04-23 19:28:56 [ERROR] 繧ｨ繝ｩ繝ｼ: -ireplace 演算子では、その後に指定できる要素は 2 つだけで、3 個は指定できません。
2026-04-23 19:28:56 [ERROR] 繧ｨ繝ｩ繝ｼ: -ireplace 演算子では、その後に指定できる要素は 2 つだけで、3 個は指定できません。
2026-04-23 19:28:56 [ERROR] 繧ｨ繝ｩ繝ｼ: -ireplace 演算子では、その後に指定できる要素は 2 つだけで、3 個は指定できません。
2026-04-23 19:28:56 [ERROR] 繧ｨ繝ｩ繝ｼ: -ireplace 演算子では、その後に指定できる要素は 2 つだけで、3 個は指定できません。
2026-04-23 19:28:56 [ERROR] 繧ｨ繝ｩ繝ｼ: -ireplace 演算子では、その後に指定できる要素は 2 つだけで、3 個は指定できません。
2026-04-23 19:28:56 [ERROR] 繧ｨ繝ｩ繝ｼ: -ireplace 演算子では、その後に指定できる要素は 2 つだけで、3 個は指定できません。
2026-04-23 19:28:56 [ERROR] 繧ｨ繝ｩ繝ｼ: -ireplace 演算子では、その後に指定できる要素は 2 つだけで、3 個は指定できません。
2026-04-23 19:28:56 [ERROR] 繧ｨ繝ｩ繝ｼ: -ireplace 演算子では、その後に指定できる要素は 2 つだけで、3 個は指定できません。
2026-04-23 19:28:56 [ERROR] 繧ｨ繝ｩ繝ｼ: -ireplace 演算子では、その後に指定できる要素は 2 つだけで、3 個は指定できません。
2026-04-23 19:28:56 [ERROR] 繧ｨ繝ｩ繝ｼ: -ireplace 演算子では、その後に指定できる要素は 2 つだけで、3 個は指定できません。
2026-04-23 19:28:56 [INFO] 邨先棡: 譁ｰ隕・0, 繧ｹ繧ｭ繝・・=0
2026-04-23 19:28:56 [INFO] === sync end ===
2026-04-23 19:29:58 [INFO] === sync start ===
2026-04-23 19:29:59 [INFO] RSS蜿門ｾ・ 10莉ｶ
2026-04-23 19:29:59 [INFO] 譁ｰ隕丈ｽ懈・: 2026-04-23-%e5%af%8c%e5%a3%ab%e5%b1%b1%e9%ba%93%e3%81%a0%e3%82%88%e3%82.md
2026-04-23 19:29:59 [INFO] 譁ｰ隕丈ｽ懈・: 2026-04-22-%e5%af%8c%e5%a3%ab%e5%b1%b1%e9%ba%93%e3%81%a0%e3%82%88%e3%82.md
2026-04-23 19:29:59 [INFO] 譁ｰ隕丈ｽ懈・: 2026-04-21-%e5%af%8c%e5%a3%ab%e5%b1%b1%e9%ba%93%e3%81%a0%e3%82%88%e3%82.md
2026-04-23 19:29:59 [INFO] 譁ｰ隕丈ｽ懈・: 2026-04-20-%e5%af%8c%e5%a3%ab%e5%b1%b1%e9%ba%93%e3%81%a0%e3%82%88%e3%82.md
2026-04-23 19:29:59 [INFO] 邨先棡: 譁ｰ隕・4, 繧ｹ繧ｭ繝・・=6
2026-04-23 19:30:01 [INFO] git push done
2026-04-23 19:30:01 [INFO] === sync end ===
2026-04-23 19:33:52 [INFO] === sync start ===
2026-04-23 19:33:53 [INFO] RSS蜿門ｾ・ 10莉ｶ
2026-04-23 19:33:53 [INFO] 譁ｰ隕丈ｽ懈・: 2026-04-23-%e5%af%8c%e5%a3%ab%e5%b1%b1%e9%ba%93%e3%81%a0%e3%82%88%e3%82.md
2026-04-23 19:33:53 [INFO] 譁ｰ隕丈ｽ懈・: 2026-04-22-%e5%af%8c%e5%a3%ab%e5%b1%b1%e9%ba%93%e3%81%a0%e3%82%88%e3%82.md
2026-04-23 19:33:53 [INFO] 譁ｰ隕丈ｽ懈・: 2026-04-21-%e5%af%8c%e5%a3%ab%e5%b1%b1%e9%ba%93%e3%81%a0%e3%82%88%e3%82.md
2026-04-23 19:33:53 [INFO] 譁ｰ隕丈ｽ懈・: 2026-04-20-%e5%af%8c%e5%a3%ab%e5%b1%b1%e9%ba%93%e3%81%a0%e3%82%88%e3%82.md
2026-04-23 19:33:53 [INFO] 邨先棡: 譁ｰ隕・4, 繧ｹ繧ｭ繝・・=6
2026-04-23 19:33:54 [INFO] git push done
2026-04-23 19:33:54 [INFO] === sync end ===
2026-04-23 19:38:55 [INFO] === sync start ===
2026-04-23 19:38:56 [INFO] RSS蜿門ｾ・ 10莉ｶ
2026-04-23 19:38:56 [INFO] 譁ｰ隕丈ｽ懈・: 2026-04-23-%e5%af%8c%e5%a3%ab%e5%b1%b1%e9%ba%93%e3%81%a0%e3%82%88%e3%82.md
2026-04-23 19:38:56 [INFO] 譁ｰ隕丈ｽ懈・: 2026-04-22-%e5%af%8c%e5%a3%ab%e5%b1%b1%e9%ba%93%e3%81%a0%e3%82%88%e3%82.md
2026-04-23 19:38:56 [INFO] 譁ｰ隕丈ｽ懈・: 2026-04-21-%e5%af%8c%e5%a3%ab%e5%b1%b1%e9%ba%93%e3%81%a0%e3%82%88%e3%82.md
2026-04-23 19:38:56 [INFO] 譁ｰ隕丈ｽ懈・: 2026-04-20-%e5%af%8c%e5%a3%ab%e5%b1%b1%e9%ba%93%e3%81%a0%e3%82%88%e3%82.md
2026-04-23 19:38:56 [INFO] 邨先棡: 譁ｰ隕・4, 繧ｹ繧ｭ繝・・=6
2026-04-23 19:38:57 [INFO] git push done
2026-04-23 19:38:57 [INFO] === sync end ===
2026-04-23 19:41:14 [INFO] === sync start ===
2026-04-23 19:41:15 [INFO] RSS蜿門ｾ・ 10莉ｶ
2026-04-23 19:41:15 [INFO] 譁ｰ隕丈ｽ懈・: 2026-04-23-%e5%af%8c%e5%a3%ab%e5%b1%b1%e9%ba%93%e3%81%a0%e3%82%88%e3%82.md
2026-04-23 19:41:15 [INFO] 譁ｰ隕丈ｽ懈・: 2026-04-22-%e5%af%8c%e5%a3%ab%e5%b1%b1%e9%ba%93%e3%81%a0%e3%82%88%e3%82.md
2026-04-23 19:41:15 [INFO] 譁ｰ隕丈ｽ懈・: 2026-04-21-%e5%af%8c%e5%a3%ab%e5%b1%b1%e9%ba%93%e3%81%a0%e3%82%88%e3%82.md
2026-04-23 19:41:15 [INFO] 譁ｰ隕丈ｽ懈・: 2026-04-20-%e5%af%8c%e5%a3%ab%e5%b1%b1%e9%ba%93%e3%81%a0%e3%82%88%e3%82.md
2026-04-23 19:41:15 [INFO] 邨先棡: 譁ｰ隕・4, 繧ｹ繧ｭ繝・・=6
2026-04-23 19:41:16 [INFO] git push done
2026-04-23 19:41:16 [INFO] === sync end ===
2026-04-23 19:44:25 [INFO] === sync start ===
2026-04-23 19:44:25 [INFO] RSS蜿門ｾ・ 10莉ｶ
2026-04-23 19:44:25 [INFO] 譁ｰ隕丈ｽ懈・: 2026-04-23-%e5%af%8c%e5%a3%ab%e5%b1%b1%e9%ba%93%e3%81%a0%e3%82%88%e3%82.md
2026-04-23 19:44:25 [INFO] 譁ｰ隕丈ｽ懈・: 2026-04-22-%e5%af%8c%e5%a3%ab%e5%b1%b1%e9%ba%93%e3%81%a0%e3%82%88%e3%82.md
2026-04-23 19:44:25 [INFO] 譁ｰ隕丈ｽ懈・: 2026-04-21-%e5%af%8c%e5%a3%ab%e5%b1%b1%e9%ba%93%e3%81%a0%e3%82%88%e3%82.md
2026-04-23 19:44:25 [INFO] 譁ｰ隕丈ｽ懈・: 2026-04-20-%e5%af%8c%e5%a3%ab%e5%b1%b1%e9%ba%93%e3%81%a0%e3%82%88%e3%82.md
2026-04-23 19:44:25 [INFO] 邨先棡: 譁ｰ隕・4, 繧ｹ繧ｭ繝・・=6
2026-04-23 19:44:27 [INFO] git push done
2026-04-23 19:44:27 [INFO] === sync end ===
2026-04-23 19:45:01 [INFO] === sync start ===
2026-04-23 19:45:02 [INFO] RSS蜿門ｾ・ 10莉ｶ
2026-04-23 19:45:02 [INFO] 邨先棡: 譁ｰ隕・0, 繧ｹ繧ｭ繝・・=10
2026-04-23 19:45:02 [INFO] === sync end ===
2026-04-23 20:00:01 [INFO] === sync start ===
2026-04-23 20:00:02 [INFO] RSS蜿門ｾ・ 10莉ｶ
2026-04-23 20:00:02 [INFO] 邨先棡: 譁ｰ隕・0, 繧ｹ繧ｭ繝・・=10
2026-04-23 20:00:02 [INFO] === sync end ===
2026-04-23 20:15:02 [INFO] === sync start ===
2026-04-23 20:15:02 [INFO] RSS蜿門ｾ・ 10莉ｶ
2026-04-23 20:15:02 [INFO] 邨先棡: 譁ｰ隕・0, 繧ｹ繧ｭ繝・・=10
2026-04-23 20:15:02 [INFO] === sync end ===
2026-04-23 20:30:01 [INFO] === sync start ===
2026-04-23 20:30:02 [INFO] RSS蜿門ｾ・ 10莉ｶ
2026-04-23 20:30:02 [INFO] 邨先棡: 譁ｰ隕・0, 繧ｹ繧ｭ繝・・=10
2026-04-23 20:30:02 [INFO] === sync end ===
2026-04-23 20:45:01 [INFO] === sync start ===
2026-04-23 20:45:02 [INFO] RSS蜿門ｾ・ 10莉ｶ
2026-04-23 20:45:02 [INFO] 邨先棡: 譁ｰ隕・0, 繧ｹ繧ｭ繝・・=10
2026-04-23 20:45:02 [INFO] === sync end ===
2026-04-23 21:00:01 [INFO] === sync start ===
2026-04-23 21:00:02 [INFO] RSS蜿門ｾ・ 10莉ｶ
2026-04-23 21:00:02 [INFO] 邨先棡: 譁ｰ隕・0, 繧ｹ繧ｭ繝・・=10
2026-04-23 21:00:02 [INFO] === sync end ===
2026-04-23 21:15:01 [INFO] === sync start ===
2026-04-23 21:15:02 [INFO] RSS蜿門ｾ・ 10莉ｶ
2026-04-23 21:15:02 [INFO] 邨先棡: 譁ｰ隕・0, 繧ｹ繧ｭ繝・・=10
2026-04-23 21:15:02 [INFO] === sync end ===
2026-04-23 21:30:02 [INFO] === sync start ===
2026-04-23 21:30:02 [INFO] RSS蜿門ｾ・ 10莉ｶ
2026-04-23 21:30:02 [INFO] 邨先棡: 譁ｰ隕・0, 繧ｹ繧ｭ繝・・=10
2026-04-23 21:30:02 [INFO] === sync end ===
2026-04-23 21:45:02 [INFO] === sync start ===
2026-04-23 21:45:02 [INFO] RSS蜿門ｾ・ 10莉ｶ
2026-04-23 21:45:02 [INFO] 邨先棡: 譁ｰ隕・0, 繧ｹ繧ｭ繝・・=10
2026-04-23 21:45:02 [INFO] === sync end ===
2026-04-23 22:00:02 [INFO] === sync start ===
2026-04-23 22:00:02 [INFO] RSS蜿門ｾ・ 10莉ｶ
2026-04-23 22:00:02 [INFO] 邨先棡: 譁ｰ隕・0, 繧ｹ繧ｭ繝・・=10
2026-04-23 22:00:02 [INFO] === sync end ===
2026-04-23 22:15:02 [INFO] === sync start ===
2026-04-23 22:15:02 [INFO] RSS蜿門ｾ・ 10莉ｶ
2026-04-23 22:15:02 [INFO] 邨先棡: 譁ｰ隕・0, 繧ｹ繧ｭ繝・・=10
2026-04-23 22:15:02 [INFO] === sync end ===
2026-04-23 22:30:02 [INFO] === sync start ===
2026-04-23 22:30:02 [INFO] RSS蜿門ｾ・ 10莉ｶ
2026-04-23 22:30:02 [INFO] 邨先棡: 譁ｰ隕・0, 繧ｹ繧ｭ繝・・=10
2026-04-23 22:30:02 [INFO] === sync end ===
2026-04-23 22:45:02 [INFO] === sync start ===
2026-04-23 22:45:02 [INFO] RSS蜿門ｾ・ 10莉ｶ
2026-04-23 22:45:02 [INFO] 邨先棡: 譁ｰ隕・0, 繧ｹ繧ｭ繝・・=10
2026-04-23 22:45:02 [INFO] === sync end ===
2026-04-23 23:00:02 [INFO] === sync start ===
2026-04-23 23:00:02 [INFO] RSS蜿門ｾ・ 10莉ｶ
2026-04-23 23:00:02 [INFO] 邨先棡: 譁ｰ隕・0, 繧ｹ繧ｭ繝・・=10
2026-04-23 23:00:02 [INFO] === sync end ===
2026-04-23 23:15:02 [INFO] === sync start ===
2026-04-23 23:15:02 [INFO] RSS蜿門ｾ・ 10莉ｶ
2026-04-23 23:15:02 [INFO] 邨先棡: 譁ｰ隕・0, 繧ｹ繧ｭ繝・・=10
2026-04-23 23:15:02 [INFO] === sync end ===
2026-04-23 23:30:02 [INFO] === sync start ===
2026-04-23 23:30:02 [INFO] RSS蜿門ｾ・ 10莉ｶ
2026-04-23 23:30:02 [INFO] 邨先棡: 譁ｰ隕・0, 繧ｹ繧ｭ繝・・=10
2026-04-23 23:30:02 [INFO] === sync end ===
2026-04-23 23:45:02 [INFO] === sync start ===
2026-04-23 23:45:02 [INFO] RSS蜿門ｾ・ 10莉ｶ
2026-04-23 23:45:02 [INFO] 邨先棡: 譁ｰ隕・0, 繧ｹ繧ｭ繝・・=10
2026-04-23 23:45:02 [INFO] === sync end ===
2026-04-24 00:00:02 [INFO] === sync start ===
2026-04-24 00:00:02 [INFO] RSS蜿門ｾ・ 10莉ｶ
2026-04-24 00:00:02 [INFO] 邨先棡: 譁ｰ隕・0, 繧ｹ繧ｭ繝・・=10
2026-04-24 00:00:02 [INFO] === sync end ===
2026-04-24 00:15:02 [INFO] === sync start ===
2026-04-24 00:15:02 [INFO] RSS蜿門ｾ・ 10莉ｶ
2026-04-24 00:15:02 [INFO] 邨先棡: 譁ｰ隕・0, 繧ｹ繧ｭ繝・・=10
2026-04-24 00:15:02 [INFO] === sync end ===
2026-04-24 00:30:02 [INFO] === sync start ===
2026-04-24 00:30:02 [INFO] RSS蜿門ｾ・ 10莉ｶ
2026-04-24 00:30:02 [INFO] 邨先棡: 譁ｰ隕・0, 繧ｹ繧ｭ繝・・=10
2026-04-24 00:30:02 [INFO] === sync end ===
2026-04-24 00:45:01 [INFO] === sync start ===
2026-04-24 00:45:02 [INFO] RSS蜿門ｾ・ 10莉ｶ
2026-04-24 00:45:02 [INFO] 邨先棡: 譁ｰ隕・0, 繧ｹ繧ｭ繝・・=10
2026-04-24 00:45:02 [INFO] === sync end ===
2026-04-24 01:00:01 [INFO] === sync start ===
2026-04-24 01:00:02 [INFO] RSS蜿門ｾ・ 10莉ｶ
2026-04-24 01:00:02 [INFO] 邨先棡: 譁ｰ隕・0, 繧ｹ繧ｭ繝・・=10
2026-04-24 01:00:02 [INFO] === sync end ===
2026-04-24 01:15:01 [INFO] === sync start ===
2026-04-24 01:15:02 [INFO] RSS蜿門ｾ・ 10莉ｶ
2026-04-24 01:15:02 [INFO] 邨先棡: 譁ｰ隕・0, 繧ｹ繧ｭ繝・・=10
2026-04-24 01:15:02 [INFO] === sync end ===
2026-04-24 01:30:01 [INFO] === sync start ===
2026-04-24 01:30:02 [INFO] RSS蜿門ｾ・ 10莉ｶ
2026-04-24 01:30:02 [INFO] 邨先棡: 譁ｰ隕・0, 繧ｹ繧ｭ繝・・=10
2026-04-24 01:30:02 [INFO] === sync end ===
2026-04-24 01:45:01 [INFO] === sync start ===
2026-04-24 01:45:02 [INFO] RSS蜿門ｾ・ 10莉ｶ
2026-04-24 01:45:02 [INFO] 邨先棡: 譁ｰ隕・0, 繧ｹ繧ｭ繝・・=10
2026-04-24 01:45:02 [INFO] === sync end ===
2026-04-24 02:00:01 [INFO] === sync start ===
2026-04-24 02:00:02 [INFO] RSS蜿門ｾ・ 10莉ｶ
2026-04-24 02:00:02 [INFO] 邨先棡: 譁ｰ隕・0, 繧ｹ繧ｭ繝・・=10
2026-04-24 02:00:02 [INFO] === sync end ===
2026-04-24 02:15:01 [INFO] === sync start ===
2026-04-24 02:15:02 [INFO] RSS蜿門ｾ・ 10莉ｶ
2026-04-24 02:15:02 [INFO] 邨先棡: 譁ｰ隕・0, 繧ｹ繧ｭ繝・・=10
2026-04-24 02:15:02 [INFO] === sync end ===
2026-04-24 02:30:01 [INFO] === sync start ===
2026-04-24 02:30:02 [INFO] RSS蜿門ｾ・ 10莉ｶ
2026-04-24 02:30:02 [INFO] 邨先棡: 譁ｰ隕・0, 繧ｹ繧ｭ繝・・=10
2026-04-24 02:30:02 [INFO] === sync end ===
2026-04-24 02:45:01 [INFO] === sync start ===
2026-04-24 02:45:02 [INFO] RSS蜿門ｾ・ 10莉ｶ
2026-04-24 02:45:02 [INFO] 邨先棡: 譁ｰ隕・0, 繧ｹ繧ｭ繝・・=10
2026-04-24 02:45:02 [INFO] === sync end ===
2026-04-24 03:00:01 [INFO] === sync start ===
2026-04-24 03:00:02 [INFO] RSS蜿門ｾ・ 10莉ｶ
2026-04-24 03:00:02 [INFO] 邨先棡: 譁ｰ隕・0, 繧ｹ繧ｭ繝・・=10
2026-04-24 03:00:02 [INFO] === sync end ===
2026-04-24 03:15:01 [INFO] === sync start ===
2026-04-24 03:15:02 [INFO] RSS蜿門ｾ・ 10莉ｶ
2026-04-24 03:15:02 [INFO] 邨先棡: 譁ｰ隕・0, 繧ｹ繧ｭ繝・・=10
2026-04-24 03:15:02 [INFO] === sync end ===
2026-04-24 03:30:01 [INFO] === sync start ===
2026-04-24 03:30:02 [INFO] RSS蜿門ｾ・ 10莉ｶ
2026-04-24 03:30:02 [INFO] 邨先棡: 譁ｰ隕・0, 繧ｹ繧ｭ繝・・=10
2026-04-24 03:30:02 [INFO] === sync end ===
2026-04-24 03:45:01 [INFO] === sync start ===
2026-04-24 03:45:02 [INFO] RSS蜿門ｾ・ 10莉ｶ
2026-04-24 03:45:02 [INFO] 邨先棡: 譁ｰ隕・0, 繧ｹ繧ｭ繝・・=10
2026-04-24 03:45:02 [INFO] === sync end ===
2026-04-24 04:00:01 [INFO] === sync start ===
2026-04-24 04:00:02 [INFO] RSS蜿門ｾ・ 10莉ｶ
2026-04-24 04:00:02 [INFO] 邨先棡: 譁ｰ隕・0, 繧ｹ繧ｭ繝・・=10
2026-04-24 04:00:02 [INFO] === sync end ===
2026-04-24 04:15:01 [INFO] === sync start ===
2026-04-24 04:15:02 [INFO] RSS蜿門ｾ・ 10莉ｶ
2026-04-24 04:15:02 [INFO] 邨先棡: 譁ｰ隕・0, 繧ｹ繧ｭ繝・・=10
2026-04-24 04:15:02 [INFO] === sync end ===
2026-04-24 04:30:01 [INFO] === sync start ===
2026-04-24 04:30:02 [INFO] RSS蜿門ｾ・ 10莉ｶ
2026-04-24 04:30:02 [INFO] 邨先棡: 譁ｰ隕・0, 繧ｹ繧ｭ繝・・=10
2026-04-24 04:30:02 [INFO] === sync end ===
2026-04-24 04:45:01 [INFO] === sync start ===
2026-04-24 04:45:02 [INFO] RSS蜿門ｾ・ 10莉ｶ
2026-04-24 04:45:02 [INFO] 邨先棡: 譁ｰ隕・0, 繧ｹ繧ｭ繝・・=10
2026-04-24 04:45:02 [INFO] === sync end ===
2026-04-24 05:00:01 [INFO] === sync start ===
2026-04-24 05:00:02 [INFO] RSS蜿門ｾ・ 10莉ｶ
2026-04-24 05:00:02 [INFO] 邨先棡: 譁ｰ隕・0, 繧ｹ繧ｭ繝・・=10
2026-04-24 05:00:02 [INFO] === sync end ===
2026-04-24 05:15:01 [INFO] === sync start ===
2026-04-24 05:15:02 [INFO] RSS蜿門ｾ・ 10莉ｶ
2026-04-24 05:15:02 [INFO] 邨先棡: 譁ｰ隕・0, 繧ｹ繧ｭ繝・・=10
2026-04-24 05:15:02 [INFO] === sync end ===
2026-04-24 05:30:01 [INFO] === sync start ===
2026-04-24 05:30:02 [INFO] RSS蜿門ｾ・ 10莉ｶ
2026-04-24 05:30:02 [INFO] 邨先棡: 譁ｰ隕・0, 繧ｹ繧ｭ繝・・=10
2026-04-24 05:30:02 [INFO] === sync end ===
2026-04-24 05:45:01 [INFO] === sync start ===
2026-04-24 05:45:02 [INFO] RSS蜿門ｾ・ 10莉ｶ
2026-04-24 05:45:02 [INFO] 邨先棡: 譁ｰ隕・0, 繧ｹ繧ｭ繝・・=10
2026-04-24 05:45:02 [INFO] === sync end ===
2026-04-24 06:00:01 [INFO] === sync start ===
2026-04-24 06:00:02 [INFO] RSS蜿門ｾ・ 10莉ｶ
2026-04-24 06:00:02 [INFO] 邨先棡: 譁ｰ隕・0, 繧ｹ繧ｭ繝・・=10
2026-04-24 06:00:02 [INFO] === sync end ===
2026-04-24 06:15:01 [INFO] === sync start ===
2026-04-24 06:15:02 [INFO] RSS蜿門ｾ・ 10莉ｶ
2026-04-24 06:15:02 [INFO] 邨先棡: 譁ｰ隕・0, 繧ｹ繧ｭ繝・・=10
2026-04-24 06:15:02 [INFO] === sync end ===
2026-04-24 06:30:01 [INFO] === sync start ===
2026-04-24 06:30:02 [INFO] RSS蜿門ｾ・ 10莉ｶ
2026-04-24 06:30:02 [INFO] 譁ｰ隕丈ｽ懈・: 2026-04-24-%e5%af%8c%e5%a3%ab%e5%b1%b1%e9%ba%93%e3%81%a0%e3%82%88%e3%82.md
2026-04-24 06:30:02 [INFO] 邨先棡: 譁ｰ隕・1, 繧ｹ繧ｭ繝・・=9
2026-04-24 06:30:05 [INFO] git push done
2026-04-24 06:30:05 [INFO] === sync end ===
2026-04-24 06:45:01 [INFO] === sync start ===
2026-04-24 06:45:02 [INFO] RSS蜿門ｾ・ 10莉ｶ
2026-04-24 06:45:02 [INFO] 邨先棡: 譁ｰ隕・0, 繧ｹ繧ｭ繝・・=10
2026-04-24 06:45:02 [INFO] === sync end ===
2026-04-24 07:00:01 [INFO] === sync start ===
2026-04-24 07:00:02 [INFO] RSS蜿門ｾ・ 10莉ｶ
2026-04-24 07:00:02 [INFO] 邨先棡: 譁ｰ隕・0, 繧ｹ繧ｭ繝・・=10
2026-04-24 07:00:02 [INFO] === sync end ===
2026-04-24 07:15:01 [INFO] === sync start ===
2026-04-24 07:15:02 [INFO] RSS蜿門ｾ・ 10莉ｶ
2026-04-24 07:15:02 [INFO] 譁ｰ隕丈ｽ懈・: 2026-04-24-0628-%e5%af%8c%e5%a3%ab%e5%b1%b1%e9.md
2026-04-24 07:15:02 [INFO] 譁ｰ隕丈ｽ懈・: 2026-04-23-1807-%e5%af%8c%e5%a3%ab%e5%b1%b1%e9.md
2026-04-24 07:15:02 [INFO] 譁ｰ隕丈ｽ懈・: 2026-04-23-0628-%e5%af%8c%e5%a3%ab%e5%b1%b1%e9.md
2026-04-24 07:15:02 [INFO] 譁ｰ隕丈ｽ懈・: 2026-04-22-1807-%e5%af%8c%e5%a3%ab%e5%b1%b1%e9.md
2026-04-24 07:15:02 [INFO] 譁ｰ隕丈ｽ懈・: 2026-04-22-0628-%e5%af%8c%e5%a3%ab%e5%b1%b1%e9.md
2026-04-24 07:15:02 [INFO] 譁ｰ隕丈ｽ懈・: 2026-04-21-1808-%e5%af%8c%e5%a3%ab%e5%b1%b1%e9.md
2026-04-24 07:15:02 [INFO] 譁ｰ隕丈ｽ懈・: 2026-04-21-1807-%e5%af%8c%e5%a3%ab%e5%b1%b1%e9.md
2026-04-24 07:15:02 [INFO] 譁ｰ隕丈ｽ懈・: 2026-04-21-0629-%e5%af%8c%e5%a3%ab%e5%b1%b1%e9.md
2026-04-24 07:15:02 [INFO] 譁ｰ隕丈ｽ懈・: 2026-04-20-1808-%e5%af%8c%e5%a3%ab%e5%b1%b1%e9.md
2026-04-24 07:15:02 [INFO] 譁ｰ隕丈ｽ懈・: 2026-04-20-1807-%e5%af%8c%e5%a3%ab%e5%b1%b1%e9.md
2026-04-24 07:15:02 [INFO] 邨先棡: 譁ｰ隕・10, 繧ｹ繧ｭ繝・・=0
2026-04-24 07:15:04 [INFO] git push done
2026-04-24 07:15:04 [INFO] === sync end ===
2026-04-24 07:17:56 [INFO] === sync start ===
2026-04-24 07:17:57 [INFO] RSS蜿門ｾ・ 10莉ｶ
2026-04-24 07:17:57 [INFO] 譁ｰ隕丈ｽ懈・: 2026-04-24-0628-%e5%af%8c%e5%a3%ab%e5%b1%b1%e9.md
2026-04-24 07:17:57 [INFO] 譁ｰ隕丈ｽ懈・: 2026-04-23-1807-%e5%af%8c%e5%a3%ab%e5%b1%b1%e9.md
2026-04-24 07:17:57 [INFO] 譁ｰ隕丈ｽ懈・: 2026-04-23-0628-%e5%af%8c%e5%a3%ab%e5%b1%b1%e9.md
2026-04-24 07:17:57 [INFO] 譁ｰ隕丈ｽ懈・: 2026-04-22-1807-%e5%af%8c%e5%a3%ab%e5%b1%b1%e9.md
2026-04-24 07:17:57 [INFO] 譁ｰ隕丈ｽ懈・: 2026-04-22-0628-%e5%af%8c%e5%a3%ab%e5%b1%b1%e9.md
2026-04-24 07:17:57 [INFO] 譁ｰ隕丈ｽ懈・: 2026-04-21-1808-%e5%af%8c%e5%a3%ab%e5%b1%b1%e9.md
2026-04-24 07:17:57 [INFO] 譁ｰ隕丈ｽ懈・: 2026-04-21-1807-%e5%af%8c%e5%a3%ab%e5%b1%b1%e9.md
2026-04-24 07:17:57 [INFO] 譁ｰ隕丈ｽ懈・: 2026-04-21-0629-%e5%af%8c%e5%a3%ab%e5%b1%b1%e9.md
2026-04-24 07:17:57 [INFO] 譁ｰ隕丈ｽ懈・: 2026-04-20-1808-%e5%af%8c%e5%a3%ab%e5%b1%b1%e9.md
2026-04-24 07:17:57 [INFO] 譁ｰ隕丈ｽ懈・: 2026-04-20-1807-%e5%af%8c%e5%a3%ab%e5%b1%b1%e9.md
2026-04-24 07:17:57 [INFO] 邨先棡: 譁ｰ隕・10, 繧ｹ繧ｭ繝・・=0
2026-04-24 07:17:58 [INFO] git push done
2026-04-24 07:17:58 [INFO] === sync end ===
2026-04-24 07:30:01 [INFO] === sync start ===
2026-04-24 07:30:02 [INFO] RSS蜿門ｾ・ 10莉ｶ
2026-04-24 07:30:02 [INFO] 邨先棡: 譁ｰ隕・0, 繧ｹ繧ｭ繝・・=10
2026-04-24 07:30:02 [INFO] === sync end ===
2026-04-24 07:45:01 [INFO] === sync start ===
2026-04-24 07:45:02 [INFO] RSS蜿門ｾ・ 10莉ｶ
2026-04-24 07:45:02 [INFO] 邨先棡: 譁ｰ隕・0, 繧ｹ繧ｭ繝・・=10
2026-04-24 07:45:02 [INFO] === sync end ===
2026-04-24 08:00:01 [INFO] === sync start ===
2026-04-24 08:00:02 [INFO] RSS蜿門ｾ・ 10莉ｶ
2026-04-24 08:00:02 [INFO] 邨先棡: 譁ｰ隕・0, 繧ｹ繧ｭ繝・・=10
2026-04-24 08:00:02 [INFO] === sync end ===
2026-04-24 08:15:01 [INFO] === sync start ===
2026-04-24 08:15:02 [INFO] RSS蜿門ｾ・ 10莉ｶ
2026-04-24 08:15:02 [INFO] 邨先棡: 譁ｰ隕・0, 繧ｹ繧ｭ繝・・=10
2026-04-24 08:15:02 [INFO] === sync end ===
2026-04-24 08:30:01 [INFO] === sync start ===
2026-04-24 08:30:02 [INFO] RSS蜿門ｾ・ 10莉ｶ
2026-04-24 08:30:02 [INFO] 邨先棡: 譁ｰ隕・0, 繧ｹ繧ｭ繝・・=10
2026-04-24 08:30:02 [INFO] === sync end ===
2026-04-24 08:45:01 [INFO] === sync start ===
2026-04-24 08:45:02 [INFO] RSS蜿門ｾ・ 10莉ｶ
2026-04-24 08:45:02 [INFO] 邨先棡: 譁ｰ隕・0, 繧ｹ繧ｭ繝・・=10
2026-04-24 08:45:02 [INFO] === sync end ===
2026-04-24 09:00:01 [INFO] === sync start ===
2026-04-24 09:00:02 [INFO] RSS蜿門ｾ・ 10莉ｶ
2026-04-24 09:00:02 [INFO] 邨先棡: 譁ｰ隕・0, 繧ｹ繧ｭ繝・・=10
2026-04-24 09:00:02 [INFO] === sync end ===
2026-04-24 09:15:01 [INFO] === sync start ===
2026-04-24 09:15:02 [INFO] RSS蜿門ｾ・ 10莉ｶ
2026-04-24 09:15:02 [INFO] 邨先棡: 譁ｰ隕・0, 繧ｹ繧ｭ繝・・=10
2026-04-24 09:15:02 [INFO] === sync end ===
2026-04-24 09:30:01 [INFO] === sync start ===
2026-04-24 09:30:02 [INFO] RSS蜿門ｾ・ 10莉ｶ
2026-04-24 09:30:02 [INFO] 邨先棡: 譁ｰ隕・0, 繧ｹ繧ｭ繝・・=10
2026-04-24 09:30:02 [INFO] === sync end ===
2026-04-24 09:45:01 [INFO] === sync start ===
2026-04-24 09:45:02 [INFO] RSS蜿門ｾ・ 10莉ｶ
2026-04-24 09:45:02 [INFO] 邨先棡: 譁ｰ隕・0, 繧ｹ繧ｭ繝・・=10
2026-04-24 09:45:02 [INFO] === sync end ===
2026-04-24 10:00:01 [INFO] === sync start ===
2026-04-24 10:00:02 [INFO] RSS蜿門ｾ・ 10莉ｶ
2026-04-24 10:00:02 [INFO] 邨先棡: 譁ｰ隕・0, 繧ｹ繧ｭ繝・・=10
2026-04-24 10:00:02 [INFO] === sync end ===
2026-04-24 10:15:01 [INFO] === sync start ===
2026-04-24 10:15:02 [INFO] RSS蜿門ｾ・ 10莉ｶ
2026-04-24 10:15:02 [INFO] 譁ｰ隕丈ｽ懈・: 2026-04-24-1011-1124.md
2026-04-24 10:15:02 [INFO] 邨先棡: 譁ｰ隕・1, 繧ｹ繧ｭ繝・・=9
2026-04-24 10:15:04 [INFO] git push done
2026-04-24 10:15:04 [INFO] === sync end ===
2026-04-24 10:30:01 [INFO] === sync start ===
2026-04-24 10:30:02 [INFO] RSS蜿門ｾ・ 10莉ｶ
2026-04-24 10:30:02 [INFO] 邨先棡: 譁ｰ隕・0, 繧ｹ繧ｭ繝・・=10
2026-04-24 10:30:02 [INFO] === sync end ===
2026-04-24 10:45:01 [INFO] === sync start ===
2026-04-24 10:45:02 [INFO] RSS蜿門ｾ・ 10莉ｶ
2026-04-24 10:45:02 [INFO] 邨先棡: 譁ｰ隕・0, 繧ｹ繧ｭ繝・・=10
2026-04-24 10:45:02 [INFO] === sync end ===
2026-04-24 10:49:07 [INFO] === sync start ===
2026-04-24 10:49:07 [INFO] RSS蜿門ｾ・ 10莉ｶ
2026-04-24 10:49:07 [INFO] 譁ｰ隕丈ｽ懈・: 2026-04-21-1807-%e5%af%8c%e5%a3%ab%e5%b1%b1%e9.md
2026-04-24 10:49:07 [INFO] 譁ｰ隕丈ｽ懈・: 2026-04-21-0629-%e5%af%8c%e5%a3%ab%e5%b1%b1%e9.md
2026-04-24 10:49:07 [INFO] 邨先棡: 譁ｰ隕・2, 繧ｹ繧ｭ繝・・=8
2026-04-24 10:49:08 [INFO] git push done
2026-04-24 10:49:08 [INFO] === sync end ===
2026-04-24 11:00:02 [INFO] === sync start ===
2026-04-24 11:00:02 [INFO] RSS蜿門ｾ・ 10莉ｶ
2026-04-24 11:00:02 [INFO] 譁ｰ隕丈ｽ懈・: 2026-04-20-0629-%e5%af%8c%e5%a3%ab%e5%b1%b1%e9.md
2026-04-24 11:00:02 [INFO] 譁ｰ隕丈ｽ懈・: 2026-04-19-1807-%e5%af%8c%e5%a3%ab%e5%b1%b1%e9.md
2026-04-24 11:00:02 [INFO] 譁ｰ隕丈ｽ懈・: 2026-04-19-0629-%e5%af%8c%e5%a3%ab%e5%b1%b1%e9.md
2026-04-24 11:00:02 [INFO] 邨先棡: 譁ｰ隕・3, 繧ｹ繧ｭ繝・・=7
2026-04-24 11:00:04 [INFO] git push done
2026-04-24 11:00:04 [INFO] === sync end ===
2026-04-24 11:15:02 [INFO] === sync start ===
2026-04-24 11:15:02 [INFO] RSS蜿門ｾ・ 10莉ｶ
2026-04-24 11:15:02 [INFO] 邨先棡: 譁ｰ隕・0, 繧ｹ繧ｭ繝・・=10
2026-04-24 11:15:02 [INFO] === sync end ===
2026-04-24 11:30:02 [INFO] === sync start ===
2026-04-24 11:30:02 [INFO] RSS蜿門ｾ・ 10莉ｶ
2026-04-24 11:30:02 [INFO] 邨先棡: 譁ｰ隕・0, 繧ｹ繧ｭ繝・・=10
2026-04-24 11:30:02 [INFO] === sync end ===
2026-04-24 11:45:02 [INFO] === sync start ===
2026-04-24 11:45:02 [INFO] RSS蜿門ｾ・ 10莉ｶ
2026-04-24 11:45:02 [INFO] 邨先棡: 譁ｰ隕・0, 繧ｹ繧ｭ繝・・=10
2026-04-24 11:45:02 [INFO] === sync end ===
2026-04-24 12:00:02 [INFO] === sync start ===
2026-04-24 12:00:02 [INFO] RSS蜿門ｾ・ 10莉ｶ
2026-04-24 12:00:02 [INFO] 邨先棡: 譁ｰ隕・0, 繧ｹ繧ｭ繝・・=10
2026-04-24 12:00:02 [INFO] === sync end ===
2026-04-24 12:15:02 [INFO] === sync start ===
2026-04-24 12:15:02 [INFO] RSS蜿門ｾ・ 10莉ｶ
2026-04-24 12:15:02 [INFO] 邨先棡: 譁ｰ隕・0, 繧ｹ繧ｭ繝・・=10
2026-04-24 12:15:02 [INFO] === sync end ===
2026-04-24 12:30:02 [INFO] === sync start ===
2026-04-24 12:30:02 [INFO] RSS蜿門ｾ・ 10莉ｶ
2026-04-24 12:30:02 [INFO] 邨先棡: 譁ｰ隕・0, 繧ｹ繧ｭ繝・・=10
2026-04-24 12:30:02 [INFO] === sync end ===
2026-04-24 12:45:02 [INFO] === sync start ===
2026-04-24 12:45:02 [INFO] RSS蜿門ｾ・ 10莉ｶ
2026-04-24 12:45:02 [INFO] 邨先棡: 譁ｰ隕・0, 繧ｹ繧ｭ繝・・=10
2026-04-24 12:45:02 [INFO] === sync end ===
2026-04-24 13:00:02 [INFO] === sync start ===
2026-04-24 13:00:02 [INFO] RSS蜿門ｾ・ 10莉ｶ
2026-04-24 13:00:02 [INFO] 邨先棡: 譁ｰ隕・0, 繧ｹ繧ｭ繝・・=10
2026-04-24 13:00:02 [INFO] === sync end ===
2026-04-24 13:15:02 [INFO] === sync start ===
2026-04-24 13:15:03 [INFO] RSS蜿門ｾ・ 10莉ｶ
2026-04-24 13:15:03 [INFO] 邨先棡: 譁ｰ隕・0, 繧ｹ繧ｭ繝・・=10
2026-04-24 13:15:03 [INFO] === sync end ===
2026-04-24 13:17:00 [INFO] === sync start ===
2026-04-24 13:17:01 [INFO] RSS蜿門ｾ・ 10莉ｶ
2026-04-24 13:17:01 [INFO] 邨先棡: 譁ｰ隕・0, 繧ｹ繧ｭ繝・・=10
2026-04-24 13:17:01 [INFO] === sync end ===
2026-04-24 13:30:02 [INFO] === sync start ===
2026-04-24 13:30:02 [INFO] RSS蜿門ｾ・ 10莉ｶ
2026-04-24 13:30:02 [INFO] 邨先棡: 譁ｰ隕・0, 繧ｹ繧ｭ繝・・=10
2026-04-24 13:30:02 [INFO] === sync end ===
2026-04-24 13:30:54 [INFO] === sync start ===
2026-04-24 13:30:54 [INFO] RSS蜿門ｾ・ 10莉ｶ
2026-04-24 13:30:54 [INFO] 邨先棡: 譁ｰ隕・0, 繧ｹ繧ｭ繝・・=10
2026-04-24 13:30:54 [INFO] === sync end ===
2026-04-24 13:45:02 [INFO] === sync start ===
2026-04-24 13:45:02 [INFO] RSS蜿門ｾ・ 10莉ｶ
2026-04-24 13:45:02 [INFO] 邨先棡: 譁ｰ隕・0, 繧ｹ繧ｭ繝・・=10
2026-04-24 13:45:02 [INFO] === sync end ===
2026-04-24 14:00:02 [INFO] === sync start ===
2026-04-24 14:00:02 [INFO] RSS蜿門ｾ・ 10莉ｶ
2026-04-24 14:00:02 [INFO] 邨先棡: 譁ｰ隕・0, 繧ｹ繧ｭ繝・・=10
2026-04-24 14:00:02 [INFO] === sync end ===
2026-04-24 14:15:02 [INFO] === sync start ===
2026-04-24 14:15:02 [INFO] RSS蜿門ｾ・ 10莉ｶ
2026-04-24 14:15:02 [INFO] 邨先棡: 譁ｰ隕・0, 繧ｹ繧ｭ繝・・=10
2026-04-24 14:15:02 [INFO] === sync end ===
2026-04-24 14:30:02 [INFO] === sync start ===
2026-04-24 14:30:02 [INFO] RSS蜿門ｾ・ 10莉ｶ
2026-04-24 14:30:02 [INFO] 邨先棡: 譁ｰ隕・0, 繧ｹ繧ｭ繝・・=10
2026-04-24 14:30:02 [INFO] === sync end ===
2026-04-24 14:45:01 [INFO] === sync start ===
2026-04-24 14:45:01 [INFO] RSS蜿門ｾ・ 10莉ｶ
2026-04-24 14:45:01 [INFO] 邨先棡: 譁ｰ隕・0, 繧ｹ繧ｭ繝・・=10
2026-04-24 14:45:01 [INFO] === sync end ===
2026-04-24 15:00:01 [INFO] === sync start ===
2026-04-24 15:00:01 [INFO] RSS蜿門ｾ・ 10莉ｶ
2026-04-24 15:00:01 [INFO] 邨先棡: 譁ｰ隕・0, 繧ｹ繧ｭ繝・・=10
2026-04-24 15:00:01 [INFO] === sync end ===
2026-04-24 15:15:01 [INFO] === sync start ===
2026-04-24 15:15:01 [INFO] RSS蜿門ｾ・ 10莉ｶ
2026-04-24 15:15:01 [INFO] 邨先棡: 譁ｰ隕・0, 繧ｹ繧ｭ繝・・=10
2026-04-24 15:15:01 [INFO] === sync end ===
2026-04-24 15:30:01 [INFO] === sync start ===
2026-04-24 15:30:01 [INFO] RSS蜿門ｾ・ 10莉ｶ
2026-04-24 15:30:01 [INFO] 邨先棡: 譁ｰ隕・0, 繧ｹ繧ｭ繝・・=10
2026-04-24 15:30:01 [INFO] === sync end ===
2026-04-24 15:45:01 [INFO] === sync start ===
2026-04-24 15:45:01 [INFO] RSS蜿門ｾ・ 10莉ｶ
2026-04-24 15:45:01 [INFO] 邨先棡: 譁ｰ隕・0, 繧ｹ繧ｭ繝・・=10
2026-04-24 15:45:01 [INFO] === sync end ===
2026-04-24 16:00:01 [INFO] === sync start ===
2026-04-24 16:00:01 [INFO] RSS蜿門ｾ・ 10莉ｶ
2026-04-24 16:00:01 [INFO] 邨先棡: 譁ｰ隕・0, 繧ｹ繧ｭ繝・・=10
2026-04-24 16:00:01 [INFO] === sync end ===
2026-04-24 16:15:01 [INFO] === sync start ===
2026-04-24 16:15:01 [INFO] RSS蜿門ｾ・ 10莉ｶ
2026-04-24 16:15:01 [INFO] 邨先棡: 譁ｰ隕・0, 繧ｹ繧ｭ繝・・=10
2026-04-24 16:15:01 [INFO] === sync end ===
2026-04-24 16:30:01 [INFO] === sync start ===
2026-04-24 16:30:01 [INFO] RSS蜿門ｾ・ 10莉ｶ
2026-04-24 16:30:01 [INFO] 邨先棡: 譁ｰ隕・0, 繧ｹ繧ｭ繝・・=10
2026-04-24 16:30:01 [INFO] === sync end ===
2026-04-24 16:45:01 [INFO] === sync start ===
2026-04-24 16:45:02 [INFO] RSS蜿門ｾ・ 10莉ｶ
2026-04-24 16:45:02 [INFO] 邨先棡: 譁ｰ隕・0, 繧ｹ繧ｭ繝・・=10
2026-04-24 16:45:02 [INFO] === sync end ===
2026-04-24 17:00:01 [INFO] === sync start ===
2026-04-24 17:00:01 [INFO] RSS蜿門ｾ・ 10莉ｶ
2026-04-24 17:00:01 [INFO] 邨先棡: 譁ｰ隕・0, 繧ｹ繧ｭ繝・・=10
2026-04-24 17:00:01 [INFO] === sync end ===
2026-04-24 17:15:01 [INFO] === sync start ===
2026-04-24 17:15:02 [INFO] RSS蜿門ｾ・ 10莉ｶ
2026-04-24 17:15:02 [INFO] 邨先棡: 譁ｰ隕・0, 繧ｹ繧ｭ繝・・=10
2026-04-24 17:15:02 [INFO] === sync end ===
2026-04-24 17:30:01 [INFO] === sync start ===
2026-04-24 17:30:02 [INFO] RSS蜿門ｾ・ 10莉ｶ
2026-04-24 17:30:02 [INFO] 邨先棡: 譁ｰ隕・0, 繧ｹ繧ｭ繝・・=10
2026-04-24 17:30:02 [INFO] === sync end ===
2026-04-24 17:45:01 [INFO] === sync start ===
2026-04-24 17:45:01 [INFO] RSS蜿門ｾ・ 10莉ｶ
2026-04-24 17:45:01 [INFO] 邨先棡: 譁ｰ隕・0, 繧ｹ繧ｭ繝・・=10
2026-04-24 17:45:01 [INFO] === sync end ===
2026-04-24 18:00:01 [INFO] === sync start ===
2026-04-24 18:00:02 [INFO] RSS蜿門ｾ・ 10莉ｶ
2026-04-24 18:00:02 [INFO] 邨先棡: 譁ｰ隕・0, 繧ｹ繧ｭ繝・・=10
2026-04-24 18:00:02 [INFO] === sync end ===
2026-04-24 18:15:01 [INFO] === sync start ===
2026-04-24 18:15:02 [INFO] RSS蜿門ｾ・ 10莉ｶ
2026-04-24 18:15:02 [INFO] 譁ｰ隕丈ｽ懈・: 2026-04-24-1809-%e5%af%8c%e5%a3%ab%e5%b1%b1%e9.md
2026-04-24 18:15:02 [INFO] 譁ｰ隕丈ｽ懈・: 2026-04-24-1807-%e5%af%8c%e5%a3%ab%e5%b1%b1%e9.md
2026-04-24 18:15:02 [INFO] 邨先棡: 譁ｰ隕・2, 繧ｹ繧ｭ繝・・=8
2026-04-24 18:15:03 [INFO] git push done
2026-04-24 18:15:03 [INFO] === sync end ===
2026-04-24 18:30:01 [INFO] === sync start ===
2026-04-24 18:30:01 [INFO] RSS蜿門ｾ・ 10莉ｶ
2026-04-24 18:30:01 [INFO] 邨先棡: 譁ｰ隕・0, 繧ｹ繧ｭ繝・・=10
2026-04-24 18:30:01 [INFO] === sync end ===
2026-04-24 18:45:01 [INFO] === sync start ===
2026-04-24 18:45:02 [INFO] RSS蜿門ｾ・ 10莉ｶ
2026-04-24 18:45:02 [INFO] 邨先棡: 譁ｰ隕・0, 繧ｹ繧ｭ繝・・=10
2026-04-24 18:45:02 [INFO] === sync end ===
2026-04-24 19:00:01 [INFO] === sync start ===
2026-04-24 19:00:02 [INFO] RSS蜿門ｾ・ 10莉ｶ
2026-04-24 19:00:02 [INFO] 邨先棡: 譁ｰ隕・0, 繧ｹ繧ｭ繝・・=10
2026-04-24 19:00:02 [INFO] === sync end ===
2026-04-24 19:15:01 [INFO] === sync start ===
2026-04-24 19:15:02 [INFO] RSS蜿門ｾ・ 10莉ｶ
2026-04-24 19:15:02 [INFO] 邨先棡: 譁ｰ隕・0, 繧ｹ繧ｭ繝・・=10
2026-04-24 19:15:02 [INFO] === sync end ===
2026-04-24 19:30:01 [INFO] === sync start ===
2026-04-24 19:30:02 [INFO] RSS蜿門ｾ・ 10莉ｶ
2026-04-24 19:30:02 [INFO] 邨先棡: 譁ｰ隕・0, 繧ｹ繧ｭ繝・・=10
2026-04-24 19:30:02 [INFO] === sync end ===
2026-04-24 19:45:01 [INFO] === sync start ===
2026-04-24 19:45:02 [INFO] RSS蜿門ｾ・ 10莉ｶ
2026-04-24 19:45:02 [INFO] 邨先棡: 譁ｰ隕・0, 繧ｹ繧ｭ繝・・=10
2026-04-24 19:45:02 [INFO] === sync end ===
2026-04-24 20:00:01 [INFO] === sync start ===
2026-04-24 20:00:02 [INFO] RSS蜿門ｾ・ 10莉ｶ
2026-04-24 20:00:02 [INFO] 邨先棡: 譁ｰ隕・0, 繧ｹ繧ｭ繝・・=10
2026-04-24 20:00:02 [INFO] === sync end ===
2026-04-24 20:15:01 [INFO] === sync start ===
2026-04-24 20:15:02 [INFO] RSS蜿門ｾ・ 10莉ｶ
2026-04-24 20:15:02 [INFO] 邨先棡: 譁ｰ隕・0, 繧ｹ繧ｭ繝・・=10
2026-04-24 20:15:02 [INFO] === sync end ===
2026-04-24 20:30:01 [INFO] === sync start ===
2026-04-24 20:30:02 [INFO] RSS蜿門ｾ・ 10莉ｶ
2026-04-24 20:30:02 [INFO] 邨先棡: 譁ｰ隕・0, 繧ｹ繧ｭ繝・・=10
2026-04-24 20:30:02 [INFO] === sync end ===
2026-04-24 20:45:01 [INFO] === sync start ===
2026-04-24 20:45:02 [INFO] RSS蜿門ｾ・ 10莉ｶ
2026-04-24 20:45:02 [INFO] 邨先棡: 譁ｰ隕・0, 繧ｹ繧ｭ繝・・=10
2026-04-24 20:45:02 [INFO] === sync end ===
2026-04-24 21:00:01 [INFO] === sync start ===
2026-04-24 21:00:02 [INFO] RSS蜿門ｾ・ 10莉ｶ
2026-04-24 21:00:02 [INFO] 邨先棡: 譁ｰ隕・0, 繧ｹ繧ｭ繝・・=10
2026-04-24 21:00:02 [INFO] === sync end ===
2026-04-24 21:15:01 [INFO] === sync start ===
2026-04-24 21:15:02 [INFO] RSS蜿門ｾ・ 10莉ｶ
2026-04-24 21:15:02 [INFO] 邨先棡: 譁ｰ隕・0, 繧ｹ繧ｭ繝・・=10
2026-04-24 21:15:02 [INFO] === sync end ===
2026-04-24 21:30:01 [INFO] === sync start ===
2026-04-24 21:30:02 [INFO] RSS蜿門ｾ・ 10莉ｶ
2026-04-24 21:30:02 [INFO] 邨先棡: 譁ｰ隕・0, 繧ｹ繧ｭ繝・・=10
2026-04-24 21:30:02 [INFO] === sync end ===
2026-04-24 21:45:01 [INFO] === sync start ===
2026-04-24 21:45:02 [INFO] RSS蜿門ｾ・ 10莉ｶ
2026-04-24 21:45:02 [INFO] 邨先棡: 譁ｰ隕・0, 繧ｹ繧ｭ繝・・=10
2026-04-24 21:45:02 [INFO] === sync end ===
2026-04-24 22:00:01 [INFO] === sync start ===
2026-04-24 22:00:02 [INFO] RSS蜿門ｾ・ 10莉ｶ
2026-04-24 22:00:02 [INFO] 邨先棡: 譁ｰ隕・0, 繧ｹ繧ｭ繝・・=10
2026-04-24 22:00:02 [INFO] === sync end ===
2026-04-24 22:15:01 [INFO] === sync start ===
2026-04-24 22:15:02 [INFO] RSS蜿門ｾ・ 10莉ｶ
2026-04-24 22:15:02 [INFO] 邨先棡: 譁ｰ隕・0, 繧ｹ繧ｭ繝・・=10
2026-04-24 22:15:02 [INFO] === sync end ===
2026-04-24 22:30:01 [INFO] === sync start ===
2026-04-24 22:30:02 [INFO] RSS蜿門ｾ・ 10莉ｶ
2026-04-24 22:30:02 [INFO] 邨先棡: 譁ｰ隕・0, 繧ｹ繧ｭ繝・・=10
2026-04-24 22:30:02 [INFO] === sync end ===
2026-04-24 22:45:01 [INFO] === sync start ===
2026-04-24 22:45:02 [INFO] RSS蜿門ｾ・ 10莉ｶ
2026-04-24 22:45:02 [INFO] 邨先棡: 譁ｰ隕・0, 繧ｹ繧ｭ繝・・=10
2026-04-24 22:45:02 [INFO] === sync end ===
2026-04-24 23:00:01 [INFO] === sync start ===
2026-04-24 23:00:02 [INFO] RSS蜿門ｾ・ 10莉ｶ
2026-04-24 23:00:02 [INFO] 邨先棡: 譁ｰ隕・0, 繧ｹ繧ｭ繝・・=10
2026-04-24 23:00:02 [INFO] === sync end ===
2026-04-24 23:15:01 [INFO] === sync start ===
2026-04-24 23:15:02 [INFO] RSS蜿門ｾ・ 10莉ｶ
2026-04-24 23:15:02 [INFO] 邨先棡: 譁ｰ隕・0, 繧ｹ繧ｭ繝・・=10
2026-04-24 23:15:02 [INFO] === sync end ===
2026-04-24 23:30:01 [INFO] === sync start ===
2026-04-24 23:30:02 [INFO] RSS蜿門ｾ・ 10莉ｶ
2026-04-24 23:30:02 [INFO] 邨先棡: 譁ｰ隕・0, 繧ｹ繧ｭ繝・・=10
2026-04-24 23:30:02 [INFO] === sync end ===
2026-04-24 23:45:01 [INFO] === sync start ===
2026-04-24 23:45:02 [INFO] RSS蜿門ｾ・ 10莉ｶ
2026-04-24 23:45:02 [INFO] 邨先棡: 譁ｰ隕・0, 繧ｹ繧ｭ繝・・=10
2026-04-24 23:45:02 [INFO] === sync end ===
2026-04-25 00:00:01 [INFO] === sync start ===
2026-04-25 00:00:02 [INFO] RSS蜿門ｾ・ 10莉ｶ
2026-04-25 00:00:02 [INFO] 邨先棡: 譁ｰ隕・0, 繧ｹ繧ｭ繝・・=10
2026-04-25 00:00:02 [INFO] === sync end ===
2026-04-25 00:15:01 [INFO] === sync start ===
2026-04-25 00:15:02 [INFO] RSS蜿門ｾ・ 10莉ｶ
2026-04-25 00:15:02 [INFO] 邨先棡: 譁ｰ隕・0, 繧ｹ繧ｭ繝・・=10
2026-04-25 00:15:02 [INFO] === sync end ===
2026-04-25 00:30:01 [INFO] === sync start ===
2026-04-25 00:30:02 [INFO] RSS蜿門ｾ・ 10莉ｶ
2026-04-25 00:30:02 [INFO] 邨先棡: 譁ｰ隕・0, 繧ｹ繧ｭ繝・・=10
2026-04-25 00:30:02 [INFO] === sync end ===
2026-04-25 00:45:01 [INFO] === sync start ===
2026-04-25 00:45:02 [INFO] RSS蜿門ｾ・ 10莉ｶ
2026-04-25 00:45:02 [INFO] 邨先棡: 譁ｰ隕・0, 繧ｹ繧ｭ繝・・=10
2026-04-25 00:45:02 [INFO] === sync end ===
2026-04-25 01:00:01 [INFO] === sync start ===
2026-04-25 01:00:02 [INFO] RSS蜿門ｾ・ 10莉ｶ
2026-04-25 01:00:02 [INFO] 邨先棡: 譁ｰ隕・0, 繧ｹ繧ｭ繝・・=10
2026-04-25 01:00:02 [INFO] === sync end ===
2026-04-25 01:15:01 [INFO] === sync start ===
2026-04-25 01:15:02 [INFO] RSS蜿門ｾ・ 10莉ｶ
2026-04-25 01:15:02 [INFO] 邨先棡: 譁ｰ隕・0, 繧ｹ繧ｭ繝・・=10
2026-04-25 01:15:02 [INFO] === sync end ===
2026-04-25 01:30:01 [INFO] === sync start ===
2026-04-25 01:30:02 [INFO] RSS蜿門ｾ・ 10莉ｶ
2026-04-25 01:30:02 [INFO] 邨先棡: 譁ｰ隕・0, 繧ｹ繧ｭ繝・・=10
2026-04-25 01:30:02 [INFO] === sync end ===
2026-04-25 01:45:01 [INFO] === sync start ===
2026-04-25 01:45:02 [INFO] RSS蜿門ｾ・ 10莉ｶ
2026-04-25 01:45:02 [INFO] 邨先棡: 譁ｰ隕・0, 繧ｹ繧ｭ繝・・=10
2026-04-25 01:45:02 [INFO] === sync end ===
2026-04-25 02:00:01 [INFO] === sync start ===
2026-04-25 02:00:02 [INFO] RSS蜿門ｾ・ 10莉ｶ
2026-04-25 02:00:02 [INFO] 邨先棡: 譁ｰ隕・0, 繧ｹ繧ｭ繝・・=10
2026-04-25 02:00:02 [INFO] === sync end ===
2026-04-25 02:15:01 [INFO] === sync start ===
2026-04-25 02:15:02 [INFO] RSS蜿門ｾ・ 10莉ｶ
2026-04-25 02:15:02 [INFO] 邨先棡: 譁ｰ隕・0, 繧ｹ繧ｭ繝・・=10
2026-04-25 02:15:02 [INFO] === sync end ===
2026-04-25 02:30:01 [INFO] === sync start ===
2026-04-25 02:30:02 [INFO] RSS蜿門ｾ・ 10莉ｶ
2026-04-25 02:30:02 [INFO] 邨先棡: 譁ｰ隕・0, 繧ｹ繧ｭ繝・・=10
2026-04-25 02:30:02 [INFO] === sync end ===
2026-04-25 02:45:01 [INFO] === sync start ===
2026-04-25 02:45:02 [INFO] RSS蜿門ｾ・ 10莉ｶ
2026-04-25 02:45:02 [INFO] 邨先棡: 譁ｰ隕・0, 繧ｹ繧ｭ繝・・=10
2026-04-25 02:45:02 [INFO] === sync end ===
2026-04-25 03:00:01 [INFO] === sync start ===
2026-04-25 03:00:02 [INFO] RSS蜿門ｾ・ 10莉ｶ
2026-04-25 03:00:02 [INFO] 邨先棡: 譁ｰ隕・0, 繧ｹ繧ｭ繝・・=10
2026-04-25 03:00:02 [INFO] === sync end ===
2026-04-25 03:15:01 [INFO] === sync start ===
2026-04-25 03:15:02 [INFO] RSS蜿門ｾ・ 10莉ｶ
2026-04-25 03:15:02 [INFO] 邨先棡: 譁ｰ隕・0, 繧ｹ繧ｭ繝・・=10
2026-04-25 03:15:02 [INFO] === sync end ===
2026-04-25 03:30:01 [INFO] === sync start ===
2026-04-25 03:30:02 [INFO] RSS蜿門ｾ・ 10莉ｶ
2026-04-25 03:30:02 [INFO] 邨先棡: 譁ｰ隕・0, 繧ｹ繧ｭ繝・・=10
2026-04-25 03:30:02 [INFO] === sync end ===
2026-04-25 03:45:01 [INFO] === sync start ===
2026-04-25 03:45:02 [INFO] RSS蜿門ｾ・ 10莉ｶ
2026-04-25 03:45:02 [INFO] 邨先棡: 譁ｰ隕・0, 繧ｹ繧ｭ繝・・=10
2026-04-25 03:45:02 [INFO] === sync end ===
2026-04-25 04:00:01 [INFO] === sync start ===
2026-04-25 04:00:02 [INFO] RSS蜿門ｾ・ 10莉ｶ
2026-04-25 04:00:02 [INFO] 邨先棡: 譁ｰ隕・0, 繧ｹ繧ｭ繝・・=10
2026-04-25 04:00:02 [INFO] === sync end ===
2026-04-25 04:15:01 [INFO] === sync start ===
2026-04-25 04:15:02 [INFO] RSS蜿門ｾ・ 10莉ｶ
2026-04-25 04:15:02 [INFO] 邨先棡: 譁ｰ隕・0, 繧ｹ繧ｭ繝・・=10
2026-04-25 04:15:02 [INFO] === sync end ===
2026-04-25 04:30:01 [INFO] === sync start ===
2026-04-25 04:30:02 [INFO] RSS蜿門ｾ・ 10莉ｶ
2026-04-25 04:30:02 [INFO] 邨先棡: 譁ｰ隕・0, 繧ｹ繧ｭ繝・・=10
2026-04-25 04:30:02 [INFO] === sync end ===
2026-04-25 04:45:01 [INFO] === sync start ===
2026-04-25 04:45:02 [INFO] RSS蜿門ｾ・ 10莉ｶ
2026-04-25 04:45:02 [INFO] 邨先棡: 譁ｰ隕・0, 繧ｹ繧ｭ繝・・=10
2026-04-25 04:45:02 [INFO] === sync end ===
2026-04-25 05:00:01 [INFO] === sync start ===
2026-04-25 05:00:02 [INFO] RSS蜿門ｾ・ 10莉ｶ
2026-04-25 05:00:02 [INFO] 邨先棡: 譁ｰ隕・0, 繧ｹ繧ｭ繝・・=10
2026-04-25 05:00:02 [INFO] === sync end ===
2026-04-25 05:15:01 [INFO] === sync start ===
2026-04-25 05:15:02 [INFO] RSS蜿門ｾ・ 10莉ｶ
2026-04-25 05:15:02 [INFO] 邨先棡: 譁ｰ隕・0, 繧ｹ繧ｭ繝・・=10
2026-04-25 05:15:02 [INFO] === sync end ===
2026-04-25 05:30:01 [INFO] === sync start ===
2026-04-25 05:30:02 [INFO] RSS蜿門ｾ・ 10莉ｶ
2026-04-25 05:30:02 [INFO] 邨先棡: 譁ｰ隕・0, 繧ｹ繧ｭ繝・・=10
2026-04-25 05:30:02 [INFO] === sync end ===
2026-04-25 05:45:01 [INFO] === sync start ===
2026-04-25 05:45:02 [INFO] RSS蜿門ｾ・ 10莉ｶ
2026-04-25 05:45:02 [INFO] 邨先棡: 譁ｰ隕・0, 繧ｹ繧ｭ繝・・=10
2026-04-25 05:45:02 [INFO] === sync end ===
2026-04-25 06:00:01 [INFO] === sync start ===
2026-04-25 06:00:02 [INFO] RSS蜿門ｾ・ 10莉ｶ
2026-04-25 06:00:02 [INFO] 邨先棡: 譁ｰ隕・0, 繧ｹ繧ｭ繝・・=10
2026-04-25 06:00:02 [INFO] === sync end ===
2026-04-25 06:15:01 [INFO] === sync start ===
2026-04-25 06:15:02 [INFO] RSS蜿門ｾ・ 10莉ｶ
2026-04-25 06:15:02 [INFO] 邨先棡: 譁ｰ隕・0, 繧ｹ繧ｭ繝・・=10
2026-04-25 06:15:02 [INFO] === sync end ===
2026-04-25 06:30:01 [INFO] === sync start ===
2026-04-25 06:30:02 [INFO] RSS蜿門ｾ・ 10莉ｶ
2026-04-25 06:30:02 [INFO] 譁ｰ隕丈ｽ懈・: 2026-04-25-0628-%e5%af%8c%e5%a3%ab%e5%b1%b1%e9.md
2026-04-25 06:30:02 [INFO] 邨先棡: 譁ｰ隕・1, 繧ｹ繧ｭ繝・・=9
2026-04-25 06:30:05 [INFO] git push done
2026-04-25 06:30:05 [INFO] === sync end ===
2026-04-25 06:45:01 [INFO] === sync start ===
2026-04-25 06:45:02 [INFO] RSS蜿門ｾ・ 10莉ｶ
2026-04-25 06:45:02 [INFO] 邨先棡: 譁ｰ隕・0, 繧ｹ繧ｭ繝・・=10
2026-04-25 06:45:02 [INFO] === sync end ===
2026-04-25 07:00:01 [INFO] === sync start ===
2026-04-25 07:00:02 [INFO] RSS蜿門ｾ・ 10莉ｶ
2026-04-25 07:00:02 [INFO] 邨先棡: 譁ｰ隕・0, 繧ｹ繧ｭ繝・・=10
2026-04-25 07:00:02 [INFO] === sync end ===
2026-04-25 07:15:01 [INFO] === sync start ===
2026-04-25 07:15:02 [INFO] RSS蜿門ｾ・ 10莉ｶ
2026-04-25 07:15:02 [INFO] 邨先棡: 譁ｰ隕・0, 繧ｹ繧ｭ繝・・=10
2026-04-25 07:15:02 [INFO] === sync end ===
2026-04-25 07:30:01 [INFO] === sync start ===
2026-04-25 07:30:02 [INFO] RSS蜿門ｾ・ 10莉ｶ
2026-04-25 07:30:02 [INFO] 邨先棡: 譁ｰ隕・0, 繧ｹ繧ｭ繝・・=10
2026-04-25 07:30:02 [INFO] === sync end ===
2026-04-25 07:45:01 [INFO] === sync start ===
2026-04-25 07:45:02 [INFO] RSS蜿門ｾ・ 10莉ｶ
2026-04-25 07:45:02 [INFO] 邨先棡: 譁ｰ隕・0, 繧ｹ繧ｭ繝・・=10
2026-04-25 07:45:02 [INFO] === sync end ===
2026-04-25 08:00:01 [INFO] === sync start ===
2026-04-25 08:00:02 [INFO] RSS蜿門ｾ・ 10莉ｶ
2026-04-25 08:00:02 [INFO] 邨先棡: 譁ｰ隕・0, 繧ｹ繧ｭ繝・・=10
2026-04-25 08:00:02 [INFO] === sync end ===
2026-04-25 08:15:01 [INFO] === sync start ===
2026-04-25 08:15:02 [INFO] RSS蜿門ｾ・ 10莉ｶ
2026-04-25 08:15:02 [INFO] 邨先棡: 譁ｰ隕・0, 繧ｹ繧ｭ繝・・=10
2026-04-25 08:15:02 [INFO] === sync end ===
2026-04-25 08:30:01 [INFO] === sync start ===
2026-04-25 08:30:02 [INFO] RSS蜿門ｾ・ 10莉ｶ
2026-04-25 08:30:02 [INFO] 邨先棡: 譁ｰ隕・0, 繧ｹ繧ｭ繝・・=10
2026-04-25 08:30:02 [INFO] === sync end ===
2026-04-25 08:45:01 [INFO] === sync start ===
2026-04-25 08:45:02 [INFO] RSS蜿門ｾ・ 10莉ｶ
2026-04-25 08:45:02 [INFO] 邨先棡: 譁ｰ隕・0, 繧ｹ繧ｭ繝・・=10
2026-04-25 08:45:02 [INFO] === sync end ===
2026-04-25 09:00:01 [INFO] === sync start ===
2026-04-25 09:00:02 [INFO] RSS蜿門ｾ・ 10莉ｶ
2026-04-25 09:00:02 [INFO] 邨先棡: 譁ｰ隕・0, 繧ｹ繧ｭ繝・・=10
2026-04-25 09:00:02 [INFO] === sync end ===
2026-04-25 09:15:01 [INFO] === sync start ===
2026-04-25 09:15:02 [INFO] RSS蜿門ｾ・ 10莉ｶ
2026-04-25 09:15:02 [INFO] 邨先棡: 譁ｰ隕・0, 繧ｹ繧ｭ繝・・=10
2026-04-25 09:15:02 [INFO] === sync end ===
2026-04-25 09:30:02 [INFO] === sync start ===
2026-04-25 09:30:03 [INFO] RSS蜿門ｾ・ 10莉ｶ
2026-04-25 09:30:03 [INFO] 邨先棡: 譁ｰ隕・0, 繧ｹ繧ｭ繝・・=10
2026-04-25 09:30:03 [INFO] === sync end ===
2026-04-25 09:45:01 [INFO] === sync start ===
2026-04-25 09:45:02 [INFO] RSS蜿門ｾ・ 10莉ｶ
2026-04-25 09:45:02 [INFO] 邨先棡: 譁ｰ隕・0, 繧ｹ繧ｭ繝・・=10
2026-04-25 09:45:02 [INFO] === sync end ===
2026-04-25 10:00:01 [INFO] === sync start ===
2026-04-25 10:00:02 [INFO] RSS蜿門ｾ・ 10莉ｶ
2026-04-25 10:00:02 [INFO] 邨先棡: 譁ｰ隕・0, 繧ｹ繧ｭ繝・・=10
2026-04-25 10:00:02 [INFO] === sync end ===
2026-04-25 10:15:02 [INFO] === sync start ===
2026-04-25 10:15:02 [INFO] RSS蜿門ｾ・ 10莉ｶ
2026-04-25 10:15:02 [INFO] 邨先棡: 譁ｰ隕・0, 繧ｹ繧ｭ繝・・=10
2026-04-25 10:15:02 [INFO] === sync end ===
2026-04-25 10:30:01 [INFO] === sync start ===
2026-04-25 10:30:02 [INFO] RSS蜿門ｾ・ 10莉ｶ
2026-04-25 10:30:02 [INFO] 邨先棡: 譁ｰ隕・0, 繧ｹ繧ｭ繝・・=10
2026-04-25 10:30:02 [INFO] === sync end ===
2026-04-25 10:45:02 [INFO] === sync start ===
2026-04-25 10:45:02 [INFO] RSS蜿門ｾ・ 10莉ｶ
2026-04-25 10:45:02 [INFO] 邨先棡: 譁ｰ隕・0, 繧ｹ繧ｭ繝・・=10
2026-04-25 10:45:02 [INFO] === sync end ===
2026-04-25 11:00:02 [INFO] === sync start ===
2026-04-25 11:00:02 [INFO] RSS蜿門ｾ・ 10莉ｶ
2026-04-25 11:00:02 [INFO] 邨先棡: 譁ｰ隕・0, 繧ｹ繧ｭ繝・・=10
2026-04-25 11:00:02 [INFO] === sync end ===
2026-04-25 11:15:02 [INFO] === sync start ===
2026-04-25 11:15:02 [INFO] RSS蜿門ｾ・ 10莉ｶ
2026-04-25 11:15:02 [INFO] 邨先棡: 譁ｰ隕・0, 繧ｹ繧ｭ繝・・=10
2026-04-25 11:15:02 [INFO] === sync end ===
2026-04-25 11:30:02 [INFO] === sync start ===
2026-04-25 11:30:02 [INFO] RSS蜿門ｾ・ 10莉ｶ
2026-04-25 11:30:02 [INFO] 邨先棡: 譁ｰ隕・0, 繧ｹ繧ｭ繝・・=10
2026-04-25 11:30:02 [INFO] === sync end ===
2026-04-25 11:45:01 [INFO] === sync start ===
2026-04-25 11:45:02 [INFO] RSS蜿門ｾ・ 10莉ｶ
2026-04-25 11:45:02 [INFO] 邨先棡: 譁ｰ隕・0, 繧ｹ繧ｭ繝・・=10
2026-04-25 11:45:02 [INFO] === sync end ===
2026-04-25 12:00:01 [INFO] === sync start ===
2026-04-25 12:00:02 [INFO] RSS蜿門ｾ・ 10莉ｶ
2026-04-25 12:00:02 [INFO] 邨先棡: 譁ｰ隕・0, 繧ｹ繧ｭ繝・・=10
2026-04-25 12:00:02 [INFO] === sync end ===
2026-04-25 12:15:01 [INFO] === sync start ===
2026-04-25 12:15:02 [INFO] RSS蜿門ｾ・ 10莉ｶ
2026-04-25 12:15:02 [INFO] 邨先棡: 譁ｰ隕・0, 繧ｹ繧ｭ繝・・=10
2026-04-25 12:15:02 [INFO] === sync end ===
2026-04-25 12:30:01 [INFO] === sync start ===
2026-04-25 12:30:02 [INFO] RSS蜿門ｾ・ 10莉ｶ
2026-04-25 12:30:02 [INFO] 邨先棡: 譁ｰ隕・0, 繧ｹ繧ｭ繝・・=10
2026-04-25 12:30:02 [INFO] === sync end ===
2026-04-25 12:45:01 [INFO] === sync start ===
2026-04-25 12:45:02 [INFO] RSS蜿門ｾ・ 10莉ｶ
2026-04-25 12:45:02 [INFO] 邨先棡: 譁ｰ隕・0, 繧ｹ繧ｭ繝・・=10
2026-04-25 12:45:02 [INFO] === sync end ===
2026-04-25 13:00:01 [INFO] === sync start ===
2026-04-25 13:00:02 [INFO] RSS蜿門ｾ・ 10莉ｶ
2026-04-25 13:00:02 [INFO] 邨先棡: 譁ｰ隕・0, 繧ｹ繧ｭ繝・・=10
2026-04-25 13:00:02 [INFO] === sync end ===
2026-04-25 13:15:01 [INFO] === sync start ===
2026-04-25 13:15:02 [INFO] RSS蜿門ｾ・ 10莉ｶ
2026-04-25 13:15:02 [INFO] 邨先棡: 譁ｰ隕・0, 繧ｹ繧ｭ繝・・=10
2026-04-25 13:15:02 [INFO] === sync end ===
2026-04-25 13:30:02 [INFO] === sync start ===
2026-04-25 13:30:02 [INFO] RSS蜿門ｾ・ 10莉ｶ
2026-04-25 13:30:02 [INFO] 邨先棡: 譁ｰ隕・0, 繧ｹ繧ｭ繝・・=10
2026-04-25 13:30:02 [INFO] === sync end ===
2026-04-25 13:45:01 [INFO] === sync start ===
2026-04-25 13:45:02 [INFO] RSS蜿門ｾ・ 10莉ｶ
2026-04-25 13:45:02 [INFO] 邨先棡: 譁ｰ隕・0, 繧ｹ繧ｭ繝・・=10
2026-04-25 13:45:02 [INFO] === sync end ===
2026-04-25 14:00:01 [INFO] === sync start ===
2026-04-25 14:00:02 [INFO] RSS蜿門ｾ・ 10莉ｶ
2026-04-25 14:00:02 [INFO] 邨先棡: 譁ｰ隕・0, 繧ｹ繧ｭ繝・・=10
2026-04-25 14:00:02 [INFO] === sync end ===
2026-04-25 14:15:01 [INFO] === sync start ===
2026-04-25 14:15:02 [INFO] RSS蜿門ｾ・ 10莉ｶ
2026-04-25 14:15:02 [INFO] 邨先棡: 譁ｰ隕・0, 繧ｹ繧ｭ繝・・=10
2026-04-25 14:15:02 [INFO] === sync end ===
2026-04-25 14:30:01 [INFO] === sync start ===
2026-04-25 14:30:02 [INFO] RSS蜿門ｾ・ 10莉ｶ
2026-04-25 14:30:02 [INFO] 邨先棡: 譁ｰ隕・0, 繧ｹ繧ｭ繝・・=10
2026-04-25 14:30:02 [INFO] === sync end ===
2026-04-25 14:45:01 [INFO] === sync start ===
2026-04-25 14:45:02 [INFO] RSS蜿門ｾ・ 10莉ｶ
2026-04-25 14:45:02 [INFO] 邨先棡: 譁ｰ隕・0, 繧ｹ繧ｭ繝・・=10
2026-04-25 14:45:02 [INFO] === sync end ===
2026-04-25 15:00:01 [INFO] === sync start ===
2026-04-25 15:00:02 [INFO] RSS蜿門ｾ・ 10莉ｶ
2026-04-25 15:00:03 [INFO] 邨先棡: 譁ｰ隕・0, 繧ｹ繧ｭ繝・・=10
2026-04-25 15:00:03 [INFO] === sync end ===
2026-04-25 15:15:01 [INFO] === sync start ===
2026-04-25 15:15:02 [INFO] RSS蜿門ｾ・ 10莉ｶ
2026-04-25 15:15:02 [INFO] 邨先棡: 譁ｰ隕・0, 繧ｹ繧ｭ繝・・=10
2026-04-25 15:15:02 [INFO] === sync end ===
2026-04-25 15:30:01 [INFO] === sync start ===
2026-04-25 15:30:02 [INFO] RSS蜿門ｾ・ 10莉ｶ
2026-04-25 15:30:02 [INFO] 邨先棡: 譁ｰ隕・0, 繧ｹ繧ｭ繝・・=10
2026-04-25 15:30:02 [INFO] === sync end ===
2026-04-25 15:45:01 [INFO] === sync start ===
2026-04-25 15:45:02 [INFO] RSS蜿門ｾ・ 10莉ｶ
2026-04-25 15:45:02 [INFO] 邨先棡: 譁ｰ隕・0, 繧ｹ繧ｭ繝・・=10
2026-04-25 15:45:02 [INFO] === sync end ===
2026-04-25 16:00:02 [INFO] === sync start ===
2026-04-25 16:00:02 [INFO] RSS蜿門ｾ・ 10莉ｶ
2026-04-25 16:00:02 [INFO] 邨先棡: 譁ｰ隕・0, 繧ｹ繧ｭ繝・・=10
2026-04-25 16:00:02 [INFO] === sync end ===
2026-04-25 16:15:01 [INFO] === sync start ===
2026-04-25 16:15:02 [INFO] RSS蜿門ｾ・ 10莉ｶ
2026-04-25 16:15:02 [INFO] 邨先棡: 譁ｰ隕・0, 繧ｹ繧ｭ繝・・=10
2026-04-25 16:15:02 [INFO] === sync end ===
2026-04-25 16:30:01 [INFO] === sync start ===
2026-04-25 16:30:02 [INFO] RSS蜿門ｾ・ 10莉ｶ
2026-04-25 16:30:02 [INFO] 邨先棡: 譁ｰ隕・0, 繧ｹ繧ｭ繝・・=10
2026-04-25 16:30:02 [INFO] === sync end ===
2026-04-25 16:45:02 [INFO] === sync start ===
2026-04-25 16:45:02 [INFO] RSS蜿門ｾ・ 10莉ｶ
2026-04-25 16:45:02 [INFO] 邨先棡: 譁ｰ隕・0, 繧ｹ繧ｭ繝・・=10
2026-04-25 16:45:02 [INFO] === sync end ===
2026-04-25 17:00:02 [INFO] === sync start ===
2026-04-25 17:00:02 [INFO] RSS蜿門ｾ・ 10莉ｶ
2026-04-25 17:00:02 [INFO] 邨先棡: 譁ｰ隕・0, 繧ｹ繧ｭ繝・・=10
2026-04-25 17:00:02 [INFO] === sync end ===
2026-04-25 17:15:02 [INFO] === sync start ===
2026-04-25 17:15:02 [INFO] RSS蜿門ｾ・ 10莉ｶ
2026-04-25 17:15:02 [INFO] 邨先棡: 譁ｰ隕・0, 繧ｹ繧ｭ繝・・=10
2026-04-25 17:15:02 [INFO] === sync end ===
2026-04-25 17:30:02 [INFO] === sync start ===
2026-04-25 17:30:02 [INFO] RSS蜿門ｾ・ 10莉ｶ
2026-04-25 17:30:02 [INFO] 邨先棡: 譁ｰ隕・0, 繧ｹ繧ｭ繝・・=10
2026-04-25 17:30:02 [INFO] === sync end ===
2026-04-25 17:45:02 [INFO] === sync start ===
2026-04-25 17:45:03 [INFO] RSS蜿門ｾ・ 10莉ｶ
2026-04-25 17:45:03 [INFO] 邨先棡: 譁ｰ隕・0, 繧ｹ繧ｭ繝・・=10
2026-04-25 17:45:03 [INFO] === sync end ===
2026-04-25 18:00:02 [INFO] === sync start ===
2026-04-25 18:00:02 [INFO] RSS蜿門ｾ・ 10莉ｶ
2026-04-25 18:00:02 [INFO] 邨先棡: 譁ｰ隕・0, 繧ｹ繧ｭ繝・・=10
2026-04-25 18:00:02 [INFO] === sync end ===
2026-04-25 18:15:02 [INFO] === sync start ===
2026-04-25 18:15:02 [INFO] RSS蜿門ｾ・ 10莉ｶ
2026-04-25 18:15:02 [INFO] 譁ｰ隕丈ｽ懈・: 2026-04-25-1808-%e5%af%8c%e5%a3%ab%e5%b1%b1%e9.md
2026-04-25 18:15:02 [INFO] 譁ｰ隕丈ｽ懈・: 2026-04-25-1807-%e5%af%8c%e5%a3%ab%e5%b1%b1%e9.md
2026-04-25 18:15:02 [INFO] 譁ｰ隕丈ｽ懈・: 2026-04-25-1801-%e5%af%8c%e5%a3%ab%e5%b1%b1%e9.md
2026-04-25 18:15:02 [INFO] 邨先棡: 譁ｰ隕・3, 繧ｹ繧ｭ繝・・=7
2026-04-25 18:15:04 [INFO] git push done
2026-04-25 18:15:04 [INFO] === sync end ===
2026-04-25 18:30:02 [INFO] === sync start ===
2026-04-25 18:30:02 [INFO] RSS蜿門ｾ・ 10莉ｶ
2026-04-25 18:30:02 [INFO] 邨先棡: 譁ｰ隕・0, 繧ｹ繧ｭ繝・・=10
2026-04-25 18:30:02 [INFO] === sync end ===
2026-04-25 18:45:02 [INFO] === sync start ===
2026-04-25 18:45:02 [INFO] RSS蜿門ｾ・ 10莉ｶ
2026-04-25 18:45:03 [INFO] 邨先棡: 譁ｰ隕・0, 繧ｹ繧ｭ繝・・=10
2026-04-25 18:45:03 [INFO] === sync end ===
2026-04-25 19:00:02 [INFO] === sync start ===
2026-04-25 19:00:02 [INFO] RSS蜿門ｾ・ 10莉ｶ
2026-04-25 19:00:02 [INFO] 邨先棡: 譁ｰ隕・0, 繧ｹ繧ｭ繝・・=10
2026-04-25 19:00:02 [INFO] === sync end ===
2026-04-25 19:15:02 [INFO] === sync start ===
2026-04-25 19:15:02 [INFO] RSS蜿門ｾ・ 10莉ｶ
2026-04-25 19:15:02 [INFO] 邨先棡: 譁ｰ隕・0, 繧ｹ繧ｭ繝・・=10
2026-04-25 19:15:02 [INFO] === sync end ===
2026-04-25 19:30:02 [INFO] === sync start ===
2026-04-25 19:30:02 [INFO] RSS蜿門ｾ・ 10莉ｶ
2026-04-25 19:30:02 [INFO] 邨先棡: 譁ｰ隕・0, 繧ｹ繧ｭ繝・・=10
2026-04-25 19:30:02 [INFO] === sync end ===
2026-04-25 19:45:02 [INFO] === sync start ===
2026-04-25 19:45:02 [INFO] RSS蜿門ｾ・ 10莉ｶ
2026-04-25 19:45:02 [INFO] 邨先棡: 譁ｰ隕・0, 繧ｹ繧ｭ繝・・=10
2026-04-25 19:45:02 [INFO] === sync end ===
2026-04-25 20:00:02 [INFO] === sync start ===
2026-04-25 20:00:02 [INFO] RSS蜿門ｾ・ 10莉ｶ
2026-04-25 20:00:02 [INFO] 邨先棡: 譁ｰ隕・0, 繧ｹ繧ｭ繝・・=10
2026-04-25 20:00:02 [INFO] === sync end ===
2026-04-25 20:15:02 [INFO] === sync start ===
2026-04-25 20:15:02 [INFO] RSS蜿門ｾ・ 10莉ｶ
2026-04-25 20:15:02 [INFO] 邨先棡: 譁ｰ隕・0, 繧ｹ繧ｭ繝・・=10
2026-04-25 20:15:02 [INFO] === sync end ===
2026-04-25 20:30:02 [INFO] === sync start ===
2026-04-25 20:30:02 [INFO] RSS蜿門ｾ・ 10莉ｶ
2026-04-25 20:30:02 [INFO] 邨先棡: 譁ｰ隕・0, 繧ｹ繧ｭ繝・・=10
2026-04-25 20:30:02 [INFO] === sync end ===
2026-04-25 20:45:02 [INFO] === sync start ===
2026-04-25 20:45:02 [INFO] RSS蜿門ｾ・ 10莉ｶ
2026-04-25 20:45:02 [INFO] 邨先棡: 譁ｰ隕・0, 繧ｹ繧ｭ繝・・=10
2026-04-25 20:45:02 [INFO] === sync end ===
2026-04-25 21:00:02 [INFO] === sync start ===
2026-04-25 21:00:02 [INFO] RSS蜿門ｾ・ 10莉ｶ
2026-04-25 21:00:02 [INFO] 邨先棡: 譁ｰ隕・0, 繧ｹ繧ｭ繝・・=10
2026-04-25 21:00:02 [INFO] === sync end ===
2026-04-25 21:15:02 [INFO] === sync start ===
2026-04-25 21:15:02 [INFO] RSS蜿門ｾ・ 10莉ｶ
2026-04-25 21:15:02 [INFO] 邨先棡: 譁ｰ隕・0, 繧ｹ繧ｭ繝・・=10
2026-04-25 21:15:02 [INFO] === sync end ===
2026-04-25 21:30:02 [INFO] === sync start ===
2026-04-25 21:30:02 [INFO] RSS蜿門ｾ・ 10莉ｶ
2026-04-25 21:30:02 [INFO] 邨先棡: 譁ｰ隕・0, 繧ｹ繧ｭ繝・・=10
2026-04-25 21:30:02 [INFO] === sync end ===
2026-04-25 21:45:02 [INFO] === sync start ===
2026-04-25 21:45:03 [INFO] RSS蜿門ｾ・ 10莉ｶ
2026-04-25 21:45:03 [INFO] 邨先棡: 譁ｰ隕・0, 繧ｹ繧ｭ繝・・=10
2026-04-25 21:45:03 [INFO] === sync end ===
2026-04-25 22:00:02 [INFO] === sync start ===
2026-04-25 22:00:03 [INFO] RSS蜿門ｾ・ 10莉ｶ
2026-04-25 22:00:03 [INFO] 邨先棡: 譁ｰ隕・0, 繧ｹ繧ｭ繝・・=10
2026-04-25 22:00:03 [INFO] === sync end ===
2026-04-25 22:15:02 [INFO] === sync start ===
2026-04-25 22:15:02 [INFO] RSS蜿門ｾ・ 10莉ｶ
2026-04-25 22:15:02 [INFO] 邨先棡: 譁ｰ隕・0, 繧ｹ繧ｭ繝・・=10
2026-04-25 22:15:02 [INFO] === sync end ===
2026-04-25 22:30:02 [INFO] === sync start ===
2026-04-25 22:30:02 [INFO] RSS蜿門ｾ・ 10莉ｶ
2026-04-25 22:30:02 [INFO] 邨先棡: 譁ｰ隕・0, 繧ｹ繧ｭ繝・・=10
2026-04-25 22:30:02 [INFO] === sync end ===
2026-04-25 22:45:02 [INFO] === sync start ===
2026-04-25 22:45:03 [INFO] RSS蜿門ｾ・ 10莉ｶ
2026-04-25 22:45:03 [INFO] 邨先棡: 譁ｰ隕・0, 繧ｹ繧ｭ繝・・=10
2026-04-25 22:45:03 [INFO] === sync end ===
2026-04-25 23:00:02 [INFO] === sync start ===
2026-04-25 23:00:03 [INFO] RSS蜿門ｾ・ 10莉ｶ
2026-04-25 23:00:03 [INFO] 邨先棡: 譁ｰ隕・0, 繧ｹ繧ｭ繝・・=10
2026-04-25 23:00:03 [INFO] === sync end ===
2026-04-25 23:15:02 [INFO] === sync start ===
2026-04-25 23:15:02 [INFO] RSS蜿門ｾ・ 10莉ｶ
2026-04-25 23:15:03 [INFO] 邨先棡: 譁ｰ隕・0, 繧ｹ繧ｭ繝・・=10
2026-04-25 23:15:03 [INFO] === sync end ===
2026-04-25 23:30:02 [INFO] === sync start ===
2026-04-25 23:30:02 [INFO] RSS蜿門ｾ・ 10莉ｶ
2026-04-25 23:30:02 [INFO] 邨先棡: 譁ｰ隕・0, 繧ｹ繧ｭ繝・・=10
2026-04-25 23:30:02 [INFO] === sync end ===
2026-04-25 23:45:02 [INFO] === sync start ===
2026-04-25 23:45:03 [INFO] RSS蜿門ｾ・ 10莉ｶ
2026-04-25 23:45:03 [INFO] 邨先棡: 譁ｰ隕・0, 繧ｹ繧ｭ繝・・=10
2026-04-25 23:45:03 [INFO] === sync end ===
2026-04-26 00:00:02 [INFO] === sync start ===
2026-04-26 00:00:03 [INFO] RSS蜿門ｾ・ 10莉ｶ
2026-04-26 00:00:03 [INFO] 邨先棡: 譁ｰ隕・0, 繧ｹ繧ｭ繝・・=10
2026-04-26 00:00:03 [INFO] === sync end ===
2026-04-26 00:15:02 [INFO] === sync start ===
2026-04-26 00:15:03 [INFO] RSS蜿門ｾ・ 10莉ｶ
2026-04-26 00:15:03 [INFO] 邨先棡: 譁ｰ隕・0, 繧ｹ繧ｭ繝・・=10
2026-04-26 00:15:03 [INFO] === sync end ===
2026-04-26 00:30:02 [INFO] === sync start ===
2026-04-26 00:30:02 [INFO] RSS蜿門ｾ・ 10莉ｶ
2026-04-26 00:30:03 [INFO] 邨先棡: 譁ｰ隕・0, 繧ｹ繧ｭ繝・・=10
2026-04-26 00:30:03 [INFO] === sync end ===
2026-04-26 00:45:02 [INFO] === sync start ===
2026-04-26 00:45:03 [INFO] RSS蜿門ｾ・ 10莉ｶ
2026-04-26 00:45:03 [INFO] 邨先棡: 譁ｰ隕・0, 繧ｹ繧ｭ繝・・=10
2026-04-26 00:45:03 [INFO] === sync end ===
2026-04-26 01:00:02 [INFO] === sync start ===
2026-04-26 01:00:02 [INFO] RSS蜿門ｾ・ 10莉ｶ
2026-04-26 01:00:02 [INFO] 邨先棡: 譁ｰ隕・0, 繧ｹ繧ｭ繝・・=10
2026-04-26 01:00:02 [INFO] === sync end ===
2026-04-26 01:15:02 [INFO] === sync start ===
2026-04-26 01:15:03 [INFO] RSS蜿門ｾ・ 10莉ｶ
2026-04-26 01:15:03 [INFO] 邨先棡: 譁ｰ隕・0, 繧ｹ繧ｭ繝・・=10
2026-04-26 01:15:03 [INFO] === sync end ===
2026-04-26 01:30:02 [INFO] === sync start ===
2026-04-26 01:30:03 [INFO] RSS蜿門ｾ・ 10莉ｶ
2026-04-26 01:30:03 [INFO] 邨先棡: 譁ｰ隕・0, 繧ｹ繧ｭ繝・・=10
2026-04-26 01:30:03 [INFO] === sync end ===
2026-04-26 01:45:02 [INFO] === sync start ===
2026-04-26 01:45:03 [INFO] RSS蜿門ｾ・ 10莉ｶ
2026-04-26 01:45:03 [INFO] 邨先棡: 譁ｰ隕・0, 繧ｹ繧ｭ繝・・=10
2026-04-26 01:45:03 [INFO] === sync end ===
2026-04-26 02:00:02 [INFO] === sync start ===
2026-04-26 02:00:03 [INFO] RSS蜿門ｾ・ 10莉ｶ
2026-04-26 02:00:03 [INFO] 邨先棡: 譁ｰ隕・0, 繧ｹ繧ｭ繝・・=10
2026-04-26 02:00:03 [INFO] === sync end ===
2026-04-26 02:15:02 [INFO] === sync start ===
2026-04-26 02:15:02 [INFO] RSS蜿門ｾ・ 10莉ｶ
2026-04-26 02:15:03 [INFO] 邨先棡: 譁ｰ隕・0, 繧ｹ繧ｭ繝・・=10
2026-04-26 02:15:03 [INFO] === sync end ===
2026-04-26 02:30:02 [INFO] === sync start ===
2026-04-26 02:30:02 [INFO] RSS蜿門ｾ・ 10莉ｶ
2026-04-26 02:30:03 [INFO] 邨先棡: 譁ｰ隕・0, 繧ｹ繧ｭ繝・・=10
2026-04-26 02:30:03 [INFO] === sync end ===
2026-04-26 02:45:02 [INFO] === sync start ===
2026-04-26 02:45:02 [INFO] RSS蜿門ｾ・ 10莉ｶ
2026-04-26 02:45:03 [INFO] 邨先棡: 譁ｰ隕・0, 繧ｹ繧ｭ繝・・=10
2026-04-26 02:45:03 [INFO] === sync end ===
2026-04-26 03:00:02 [INFO] === sync start ===
2026-04-26 03:00:03 [INFO] RSS蜿門ｾ・ 10莉ｶ
2026-04-26 03:00:03 [INFO] 邨先棡: 譁ｰ隕・0, 繧ｹ繧ｭ繝・・=10
2026-04-26 03:00:03 [INFO] === sync end ===
2026-04-26 03:15:02 [INFO] === sync start ===
2026-04-26 03:15:02 [INFO] RSS蜿門ｾ・ 10莉ｶ
2026-04-26 03:15:03 [INFO] 邨先棡: 譁ｰ隕・0, 繧ｹ繧ｭ繝・・=10
2026-04-26 03:15:03 [INFO] === sync end ===
2026-04-26 03:30:02 [INFO] === sync start ===
2026-04-26 03:30:02 [INFO] RSS蜿門ｾ・ 10莉ｶ
2026-04-26 03:30:03 [INFO] 邨先棡: 譁ｰ隕・0, 繧ｹ繧ｭ繝・・=10
2026-04-26 03:30:03 [INFO] === sync end ===
2026-04-26 03:45:02 [INFO] === sync start ===
2026-04-26 03:45:03 [INFO] RSS蜿門ｾ・ 10莉ｶ
2026-04-26 03:45:03 [INFO] 邨先棡: 譁ｰ隕・0, 繧ｹ繧ｭ繝・・=10
2026-04-26 03:45:03 [INFO] === sync end ===
2026-04-26 04:00:02 [INFO] === sync start ===
2026-04-26 04:00:03 [INFO] RSS蜿門ｾ・ 10莉ｶ
2026-04-26 04:00:03 [INFO] 邨先棡: 譁ｰ隕・0, 繧ｹ繧ｭ繝・・=10
2026-04-26 04:00:03 [INFO] === sync end ===
2026-04-26 04:15:02 [INFO] === sync start ===
2026-04-26 04:15:03 [INFO] RSS蜿門ｾ・ 10莉ｶ
2026-04-26 04:15:03 [INFO] 邨先棡: 譁ｰ隕・0, 繧ｹ繧ｭ繝・・=10
2026-04-26 04:15:03 [INFO] === sync end ===
2026-04-26 04:30:02 [INFO] === sync start ===
2026-04-26 04:30:03 [INFO] RSS蜿門ｾ・ 10莉ｶ
2026-04-26 04:30:03 [INFO] 邨先棡: 譁ｰ隕・0, 繧ｹ繧ｭ繝・・=10
2026-04-26 04:30:03 [INFO] === sync end ===
2026-04-26 04:45:02 [INFO] === sync start ===
2026-04-26 04:45:03 [INFO] RSS蜿門ｾ・ 10莉ｶ
2026-04-26 04:45:03 [INFO] 邨先棡: 譁ｰ隕・0, 繧ｹ繧ｭ繝・・=10
2026-04-26 04:45:03 [INFO] === sync end ===
2026-04-26 05:00:02 [INFO] === sync start ===
2026-04-26 05:00:03 [INFO] RSS蜿門ｾ・ 10莉ｶ
2026-04-26 05:00:03 [INFO] 邨先棡: 譁ｰ隕・0, 繧ｹ繧ｭ繝・・=10
2026-04-26 05:00:03 [INFO] === sync end ===
2026-04-26 05:15:02 [INFO] === sync start ===
2026-04-26 05:15:03 [INFO] RSS蜿門ｾ・ 10莉ｶ
2026-04-26 05:15:03 [INFO] 邨先棡: 譁ｰ隕・0, 繧ｹ繧ｭ繝・・=10
2026-04-26 05:15:03 [INFO] === sync end ===
2026-04-26 05:30:02 [INFO] === sync start ===
2026-04-26 05:30:02 [INFO] RSS蜿門ｾ・ 10莉ｶ
2026-04-26 05:30:02 [INFO] 邨先棡: 譁ｰ隕・0, 繧ｹ繧ｭ繝・・=10
2026-04-26 05:30:02 [INFO] === sync end ===
2026-04-26 06:00:02 [INFO] === sync start ===
2026-04-26 06:00:02 [INFO] RSS蜿門ｾ・ 10莉ｶ
2026-04-26 06:00:02 [INFO] 邨先棡: 譁ｰ隕・0, 繧ｹ繧ｭ繝・・=10
2026-04-26 06:00:02 [INFO] === sync end ===
2026-04-26 06:15:01 [INFO] === sync start ===
2026-04-26 06:15:01 [INFO] RSS蜿門ｾ・ 10莉ｶ
2026-04-26 06:15:01 [INFO] 邨先棡: 譁ｰ隕・0, 繧ｹ繧ｭ繝・・=10
2026-04-26 06:15:02 [INFO] === sync end ===
2026-04-26 06:30:01 [INFO] === sync start ===
2026-04-26 06:30:02 [INFO] RSS蜿門ｾ・ 10莉ｶ
2026-04-26 06:30:02 [INFO] 譁ｰ隕丈ｽ懈・: 2026-04-26-0629-%e5%af%8c%e5%a3%ab%e5%b1%b1%e9.md
2026-04-26 06:30:02 [INFO] 譁ｰ隕丈ｽ懈・: 2026-04-26-0628-%e5%af%8c%e5%a3%ab%e5%b1%b1%e9.md
2026-04-26 06:30:02 [INFO] 邨先棡: 譁ｰ隕・2, 繧ｹ繧ｭ繝・・=8
2026-04-26 06:30:04 [INFO] git push done
2026-04-26 06:30:04 [INFO] === sync end ===
2026-04-26 06:45:01 [INFO] === sync start ===
2026-04-26 06:45:01 [INFO] RSS蜿門ｾ・ 10莉ｶ
2026-04-26 06:45:01 [INFO] 邨先棡: 譁ｰ隕・0, 繧ｹ繧ｭ繝・・=10
2026-04-26 06:45:02 [INFO] === sync end ===
2026-04-26 07:00:01 [INFO] === sync start ===
2026-04-26 07:00:01 [INFO] RSS蜿門ｾ・ 10莉ｶ
2026-04-26 07:00:01 [INFO] 邨先棡: 譁ｰ隕・0, 繧ｹ繧ｭ繝・・=10
2026-04-26 07:00:01 [INFO] === sync end ===
2026-04-26 07:15:01 [INFO] === sync start ===
2026-04-26 07:15:01 [INFO] RSS蜿門ｾ・ 10莉ｶ
2026-04-26 07:15:01 [INFO] 邨先棡: 譁ｰ隕・0, 繧ｹ繧ｭ繝・・=10
2026-04-26 07:15:01 [INFO] === sync end ===
2026-04-26 07:30:01 [INFO] === sync start ===
2026-04-26 07:30:01 [INFO] RSS蜿門ｾ・ 10莉ｶ
2026-04-26 07:30:01 [INFO] 邨先棡: 譁ｰ隕・0, 繧ｹ繧ｭ繝・・=10
2026-04-26 07:30:01 [INFO] === sync end ===
2026-04-26 07:45:01 [INFO] === sync start ===
2026-04-26 07:45:01 [INFO] RSS蜿門ｾ・ 10莉ｶ
2026-04-26 07:45:01 [INFO] 邨先棡: 譁ｰ隕・0, 繧ｹ繧ｭ繝・・=10
2026-04-26 07:45:01 [INFO] === sync end ===
2026-04-26 08:00:01 [INFO] === sync start ===
2026-04-26 08:00:01 [INFO] RSS蜿門ｾ・ 10莉ｶ
2026-04-26 08:00:01 [INFO] 邨先棡: 譁ｰ隕・0, 繧ｹ繧ｭ繝・・=10
2026-04-26 08:00:01 [INFO] === sync end ===
2026-04-26 08:15:01 [INFO] === sync start ===
2026-04-26 08:15:01 [INFO] RSS蜿門ｾ・ 10莉ｶ
2026-04-26 08:15:01 [INFO] 邨先棡: 譁ｰ隕・0, 繧ｹ繧ｭ繝・・=10
2026-04-26 08:15:01 [INFO] === sync end ===
2026-04-26 08:30:01 [INFO] === sync start ===
2026-04-26 08:30:02 [INFO] RSS蜿門ｾ・ 10莉ｶ
2026-04-26 08:30:02 [INFO] 邨先棡: 譁ｰ隕・0, 繧ｹ繧ｭ繝・・=10
2026-04-26 08:30:02 [INFO] === sync end ===
2026-04-26 08:45:01 [INFO] === sync start ===
2026-04-26 08:45:01 [INFO] RSS蜿門ｾ・ 10莉ｶ
2026-04-26 08:45:01 [INFO] 邨先棡: 譁ｰ隕・0, 繧ｹ繧ｭ繝・・=10
2026-04-26 08:45:01 [INFO] === sync end ===
2026-04-26 09:00:01 [INFO] === sync start ===
2026-04-26 09:00:01 [INFO] RSS蜿門ｾ・ 10莉ｶ
2026-04-26 09:00:01 [INFO] 邨先棡: 譁ｰ隕・0, 繧ｹ繧ｭ繝・・=10
2026-04-26 09:00:01 [INFO] === sync end ===
2026-04-26 09:15:01 [INFO] === sync start ===
2026-04-26 09:15:01 [INFO] RSS蜿門ｾ・ 10莉ｶ
2026-04-26 09:15:01 [INFO] 邨先棡: 譁ｰ隕・0, 繧ｹ繧ｭ繝・・=10
2026-04-26 09:15:01 [INFO] === sync end ===
2026-04-26 09:30:01 [INFO] === sync start ===
2026-04-26 09:30:01 [INFO] RSS蜿門ｾ・ 10莉ｶ
2026-04-26 09:30:01 [INFO] 邨先棡: 譁ｰ隕・0, 繧ｹ繧ｭ繝・・=10
2026-04-26 09:30:01 [INFO] === sync end ===
2026-04-26 09:45:01 [INFO] === sync start ===
2026-04-26 09:45:01 [INFO] RSS蜿門ｾ・ 10莉ｶ
2026-04-26 09:45:01 [INFO] 邨先棡: 譁ｰ隕・0, 繧ｹ繧ｭ繝・・=10
2026-04-26 09:45:01 [INFO] === sync end ===
2026-04-26 10:00:01 [INFO] === sync start ===
2026-04-26 10:00:01 [INFO] RSS蜿門ｾ・ 10莉ｶ
2026-04-26 10:00:01 [INFO] 邨先棡: 譁ｰ隕・0, 繧ｹ繧ｭ繝・・=10
2026-04-26 10:00:01 [INFO] === sync end ===
2026-04-26 10:15:01 [INFO] === sync start ===
2026-04-26 10:15:01 [INFO] RSS蜿門ｾ・ 10莉ｶ
2026-04-26 10:15:01 [INFO] 邨先棡: 譁ｰ隕・0, 繧ｹ繧ｭ繝・・=10
2026-04-26 10:15:01 [INFO] === sync end ===
2026-04-26 10:30:01 [INFO] === sync start ===
2026-04-26 10:30:02 [INFO] RSS蜿門ｾ・ 10莉ｶ
2026-04-26 10:30:02 [INFO] 譁ｰ隕丈ｽ懈・: 2026-04-26-1021-1144.md
2026-04-26 10:30:02 [INFO] 邨先棡: 譁ｰ隕・1, 繧ｹ繧ｭ繝・・=9
2026-04-26 10:30:04 [INFO] git push done
2026-04-26 10:30:04 [INFO] === sync end ===
2026-04-26 10:45:01 [INFO] === sync start ===
2026-04-26 10:45:01 [INFO] RSS蜿門ｾ・ 10莉ｶ
2026-04-26 10:45:01 [INFO] 邨先棡: 譁ｰ隕・0, 繧ｹ繧ｭ繝・・=10
2026-04-26 10:45:02 [INFO] === sync end ===
2026-04-26 11:00:01 [INFO] === sync start ===
2026-04-26 11:00:02 [INFO] RSS蜿門ｾ・ 10莉ｶ
2026-04-26 11:00:02 [INFO] 邨先棡: 譁ｰ隕・0, 繧ｹ繧ｭ繝・・=10
2026-04-26 11:00:02 [INFO] === sync end ===
2026-04-26 11:15:01 [INFO] === sync start ===
2026-04-26 11:15:01 [INFO] RSS蜿門ｾ・ 10莉ｶ
2026-04-26 11:15:02 [INFO] 邨先棡: 譁ｰ隕・0, 繧ｹ繧ｭ繝・・=10
2026-04-26 11:15:02 [INFO] === sync end ===
2026-04-26 11:30:01 [INFO] === sync start ===
2026-04-26 11:30:02 [INFO] RSS蜿門ｾ・ 10莉ｶ
2026-04-26 11:30:02 [INFO] 邨先棡: 譁ｰ隕・0, 繧ｹ繧ｭ繝・・=10
2026-04-26 11:30:02 [INFO] === sync end ===
2026-04-26 11:45:01 [INFO] === sync start ===
2026-04-26 11:45:02 [INFO] RSS蜿門ｾ・ 10莉ｶ
2026-04-26 11:45:02 [INFO] 邨先棡: 譁ｰ隕・0, 繧ｹ繧ｭ繝・・=10
2026-04-26 11:45:02 [INFO] === sync end ===
2026-04-26 12:00:01 [INFO] === sync start ===
2026-04-26 12:00:02 [INFO] RSS蜿門ｾ・ 10莉ｶ
2026-04-26 12:00:02 [INFO] 邨先棡: 譁ｰ隕・0, 繧ｹ繧ｭ繝・・=10
2026-04-26 12:00:02 [INFO] === sync end ===
2026-04-26 12:15:01 [INFO] === sync start ===
2026-04-26 12:15:02 [INFO] RSS蜿門ｾ・ 10莉ｶ
2026-04-26 12:15:02 [INFO] 邨先棡: 譁ｰ隕・0, 繧ｹ繧ｭ繝・・=10
2026-04-26 12:15:02 [INFO] === sync end ===
2026-04-26 12:30:01 [INFO] === sync start ===
2026-04-26 12:30:01 [INFO] RSS蜿門ｾ・ 10莉ｶ
2026-04-26 12:30:02 [INFO] 邨先棡: 譁ｰ隕・0, 繧ｹ繧ｭ繝・・=10
2026-04-26 12:30:02 [INFO] === sync end ===
2026-04-26 12:45:01 [INFO] === sync start ===
2026-04-26 12:45:02 [INFO] RSS蜿門ｾ・ 10莉ｶ
2026-04-26 12:45:02 [INFO] 邨先棡: 譁ｰ隕・0, 繧ｹ繧ｭ繝・・=10
2026-04-26 12:45:02 [INFO] === sync end ===
2026-04-26 13:00:01 [INFO] === sync start ===
2026-04-26 13:00:01 [INFO] RSS蜿門ｾ・ 10莉ｶ
2026-04-26 13:00:02 [INFO] 邨先棡: 譁ｰ隕・0, 繧ｹ繧ｭ繝・・=10
2026-04-26 13:00:02 [INFO] === sync end ===
2026-04-26 13:15:01 [INFO] === sync start ===
2026-04-26 13:15:02 [INFO] RSS蜿門ｾ・ 10莉ｶ
2026-04-26 13:15:02 [INFO] 邨先棡: 譁ｰ隕・0, 繧ｹ繧ｭ繝・・=10
2026-04-26 13:15:02 [INFO] === sync end ===
2026-04-26 13:30:01 [INFO] === sync start ===
2026-04-26 13:30:02 [INFO] RSS蜿門ｾ・ 10莉ｶ
2026-04-26 13:30:02 [INFO] 邨先棡: 譁ｰ隕・0, 繧ｹ繧ｭ繝・・=10
2026-04-26 13:30:02 [INFO] === sync end ===
2026-04-26 13:45:01 [INFO] === sync start ===
2026-04-26 13:45:02 [INFO] RSS蜿門ｾ・ 10莉ｶ
2026-04-26 13:45:02 [INFO] 邨先棡: 譁ｰ隕・0, 繧ｹ繧ｭ繝・・=10
2026-04-26 13:45:02 [INFO] === sync end ===
2026-04-26 14:00:01 [INFO] === sync start ===
2026-04-26 14:00:02 [INFO] RSS蜿門ｾ・ 10莉ｶ
2026-04-26 14:00:02 [INFO] 邨先棡: 譁ｰ隕・0, 繧ｹ繧ｭ繝・・=10
2026-04-26 14:00:02 [INFO] === sync end ===
2026-04-26 14:15:01 [INFO] === sync start ===
2026-04-26 14:15:02 [INFO] RSS蜿門ｾ・ 10莉ｶ
2026-04-26 14:15:02 [INFO] 邨先棡: 譁ｰ隕・0, 繧ｹ繧ｭ繝・・=10
2026-04-26 14:15:02 [INFO] === sync end ===
2026-04-26 14:30:01 [INFO] === sync start ===
2026-04-26 14:30:02 [INFO] RSS蜿門ｾ・ 10莉ｶ
2026-04-26 14:30:02 [INFO] 邨先棡: 譁ｰ隕・0, 繧ｹ繧ｭ繝・・=10
2026-04-26 14:30:02 [INFO] === sync end ===
2026-04-26 14:45:01 [INFO] === sync start ===
2026-04-26 14:45:02 [INFO] RSS蜿門ｾ・ 10莉ｶ
2026-04-26 14:45:02 [INFO] 邨先棡: 譁ｰ隕・0, 繧ｹ繧ｭ繝・・=10
2026-04-26 14:45:02 [INFO] === sync end ===
2026-04-26 15:00:01 [INFO] === sync start ===
2026-04-26 15:00:02 [INFO] RSS蜿門ｾ・ 10莉ｶ
2026-04-26 15:00:02 [INFO] 邨先棡: 譁ｰ隕・0, 繧ｹ繧ｭ繝・・=10
2026-04-26 15:00:02 [INFO] === sync end ===
2026-04-26 15:15:01 [INFO] === sync start ===
2026-04-26 15:15:02 [INFO] RSS蜿門ｾ・ 10莉ｶ
2026-04-26 15:15:02 [INFO] 邨先棡: 譁ｰ隕・0, 繧ｹ繧ｭ繝・・=10
2026-04-26 15:15:02 [INFO] === sync end ===
2026-04-26 15:30:01 [INFO] === sync start ===
2026-04-26 15:30:02 [INFO] RSS蜿門ｾ・ 10莉ｶ
2026-04-26 15:30:02 [INFO] 邨先棡: 譁ｰ隕・0, 繧ｹ繧ｭ繝・・=10
2026-04-26 15:30:02 [INFO] === sync end ===
2026-04-26 15:45:01 [INFO] === sync start ===
2026-04-26 15:45:02 [INFO] RSS蜿門ｾ・ 10莉ｶ
2026-04-26 15:45:02 [INFO] 邨先棡: 譁ｰ隕・0, 繧ｹ繧ｭ繝・・=10
2026-04-26 15:45:02 [INFO] === sync end ===
2026-04-26 16:00:01 [INFO] === sync start ===
2026-04-26 16:00:02 [INFO] RSS蜿門ｾ・ 10莉ｶ
2026-04-26 16:00:02 [INFO] 邨先棡: 譁ｰ隕・0, 繧ｹ繧ｭ繝・・=10
2026-04-26 16:00:02 [INFO] === sync end ===
2026-04-26 16:15:01 [INFO] === sync start ===
2026-04-26 16:15:02 [INFO] RSS蜿門ｾ・ 10莉ｶ
2026-04-26 16:15:02 [INFO] 邨先棡: 譁ｰ隕・0, 繧ｹ繧ｭ繝・・=10
2026-04-26 16:15:02 [INFO] === sync end ===
2026-04-26 16:30:01 [INFO] === sync start ===
2026-04-26 16:30:02 [INFO] RSS蜿門ｾ・ 10莉ｶ
2026-04-26 16:30:02 [INFO] 邨先棡: 譁ｰ隕・0, 繧ｹ繧ｭ繝・・=10
2026-04-26 16:30:02 [INFO] === sync end ===
2026-04-26 16:45:01 [INFO] === sync start ===
2026-04-26 16:45:02 [INFO] RSS蜿門ｾ・ 10莉ｶ
2026-04-26 16:45:02 [INFO] 邨先棡: 譁ｰ隕・0, 繧ｹ繧ｭ繝・・=10
2026-04-26 16:45:02 [INFO] === sync end ===
2026-04-26 17:00:01 [INFO] === sync start ===
2026-04-26 17:00:02 [INFO] RSS蜿門ｾ・ 10莉ｶ
2026-04-26 17:00:02 [INFO] 邨先棡: 譁ｰ隕・0, 繧ｹ繧ｭ繝・・=10
2026-04-26 17:00:02 [INFO] === sync end ===
2026-04-26 17:15:01 [INFO] === sync start ===
2026-04-26 17:15:02 [INFO] RSS蜿門ｾ・ 10莉ｶ
2026-04-26 17:15:02 [INFO] 邨先棡: 譁ｰ隕・0, 繧ｹ繧ｭ繝・・=10
2026-04-26 17:15:02 [INFO] === sync end ===
2026-04-26 17:30:01 [INFO] === sync start ===
2026-04-26 17:30:02 [INFO] RSS蜿門ｾ・ 10莉ｶ
2026-04-26 17:30:02 [INFO] 邨先棡: 譁ｰ隕・0, 繧ｹ繧ｭ繝・・=10
2026-04-26 17:30:02 [INFO] === sync end ===
2026-04-26 17:45:01 [INFO] === sync start ===
2026-04-26 17:45:02 [INFO] RSS蜿門ｾ・ 10莉ｶ
2026-04-26 17:45:02 [INFO] 邨先棡: 譁ｰ隕・0, 繧ｹ繧ｭ繝・・=10
2026-04-26 17:45:02 [INFO] === sync end ===
2026-04-26 18:00:01 [INFO] === sync start ===
2026-04-26 18:00:02 [INFO] RSS蜿門ｾ・ 10莉ｶ
2026-04-26 18:00:02 [INFO] 邨先棡: 譁ｰ隕・0, 繧ｹ繧ｭ繝・・=10
2026-04-26 18:00:02 [INFO] === sync end ===
2026-04-26 18:15:01 [INFO] === sync start ===
2026-04-26 18:15:02 [INFO] RSS蜿門ｾ・ 10莉ｶ
2026-04-26 18:15:02 [INFO] 譁ｰ隕丈ｽ懈・: 2026-04-26-1808-%e5%af%8c%e5%a3%ab%e5%b1%b1%e9.md
2026-04-26 18:15:02 [INFO] 譁ｰ隕丈ｽ懈・: 2026-04-26-1807-%e5%af%8c%e5%a3%ab%e5%b1%b1%e9.md
2026-04-26 18:15:02 [INFO] 邨先棡: 譁ｰ隕・2, 繧ｹ繧ｭ繝・・=8
2026-04-26 18:15:04 [INFO] git push done
2026-04-26 18:15:04 [INFO] === sync end ===
2026-04-26 18:30:01 [INFO] === sync start ===
2026-04-26 18:30:02 [INFO] RSS蜿門ｾ・ 10莉ｶ
2026-04-26 18:30:02 [INFO] 邨先棡: 譁ｰ隕・0, 繧ｹ繧ｭ繝・・=10
2026-04-26 18:30:02 [INFO] === sync end ===
2026-04-26 18:45:01 [INFO] === sync start ===
2026-04-26 18:45:02 [INFO] RSS蜿門ｾ・ 10莉ｶ
2026-04-26 18:45:02 [INFO] 邨先棡: 譁ｰ隕・0, 繧ｹ繧ｭ繝・・=10
2026-04-26 18:45:02 [INFO] === sync end ===
